#
# There is insufficient memory for the Java Runtime Environment to continue.
# Native memory allocation (mmap) failed to map 72351744 bytes for Failed to commit area from 0x0000000095b00000 to 0x000000009a000000 of length 72351744.
# Possible reasons:
#   The system is out of physical RAM or swap space
#   The process is running with CompressedOops enabled, and the Java Heap may be blocking the growth of the native heap
# Possible solutions:
#   Reduce memory load on the system
#   Increase physical memory or swap space
#   Check if swap backing store is full
#   Decrease Java heap size (-Xmx/-Xms)
#   Decrease number of Java threads
#   Decrease Java thread stack sizes (-Xss)
#   Set larger code cache with -XX:ReservedCodeCacheSize=
#   JVM is running with Unscaled Compressed Oops mode in which the Java heap is
#     placed in the first 4GB address space. The Java Heap base address is the
#     maximum limit for the native heap growth. Please use -XX:HeapBaseMinAddress
#     to set the Java Heap base and to place the Java Heap above 4GB virtual address.
# This output file may be truncated or incomplete.
#
#  Out of Memory Error (./src/hotspot/os/windows/os_windows.cpp:3386), pid=14944, tid=1012
#
# JRE version: OpenJDK Runtime Environment Zulu11.62+17-CA (11.0.18+10) (build 11.0.18+10-LTS)
# Java VM: OpenJDK 64-Bit Server VM Zulu11.62+17-CA (11.0.18+10-LTS, mixed mode, tiered, compressed oops, g1 gc, windows-amd64)
# No core dump will be written. Minidumps are not enabled by default on client versions of Windows
#

---------------  S U M M A R Y ------------

Command Line: --add-opens=java.base/java.util=ALL-UNNAMED --add-opens=java.base/java.lang=ALL-UNNAMED --add-opens=java.base/java.lang.invoke=ALL-UNNAMED --add-opens=java.base/java.util=ALL-UNNAMED --add-opens=java.prefs/java.util.prefs=ALL-UNNAMED --add-opens=java.prefs/java.util.prefs=ALL-UNNAMED --add-opens=java.base/java.nio.charset=ALL-UNNAMED --add-opens=java.base/java.net=ALL-UNNAMED --add-opens=java.base/java.util.concurrent.atomic=ALL-UNNAMED -Xmx2048m -Dfile.encoding=UTF-8 -Duser.country=ID -Duser.language=en -Duser.variant org.gradle.launcher.daemon.bootstrap.GradleDaemon 7.4

Host: AMD Ryzen 3 3200U with Radeon Vega Mobile Gfx  , 4 cores, 3G,  Windows 10 , 64 bit Build 19041 (10.0.19041.2913)
Time: Sat May 27 17:05:54 2023 SE Asia Standard Time elapsed time: 121.966668 seconds (0d 0h 2m 1s)

---------------  T H R E A D  ---------------

Current thread (0x0000022cbf167000):  VMThread "VM Thread" [stack: 0x00000068d8900000,0x00000068d8a00000] [id=1012]

Stack: [0x00000068d8900000,0x00000068d8a00000]
[error occurred during error reporting (printing stack bounds), id 0xc0000005, EXCEPTION_ACCESS_VIOLATION (0xc0000005) at pc=0x0000022ca819112d]

Native frames: (J=compiled Java code, j=interpreted, Vv=VM code, C=native code)
V  [jvm.dll+0x62bdca]
V  [jvm.dll+0x7b9bc9]
V  [jvm.dll+0x7bb2b8]
V  [jvm.dll+0x7bb8f5]
V  [jvm.dll+0x7bb8ab]
V  [jvm.dll+0x62b157]
V  [jvm.dll+0x62b868]
C  [ntdll.dll+0xa23df]
C  [ntdll.dll+0x514a4]
C  [ntdll.dll+0xa0f0e]
C  0x0000022ca819112d

VM_Operation (0x00000068dcff90c0): G1CollectForAllocation, mode: safepoint, requested by thread 0x0000022cc16f5000


---------------  P R O C E S S  ---------------

Threads class SMR info:
_java_thread_list=0x0000022ccefad6d0, length=88, elements={
0x0000022c9f96b000, 0x0000022cbf169800, 0x0000022cbf173000, 0x0000022cbf1c4800,
0x0000022cbf1c5800, 0x0000022cbf1c8800, 0x0000022cbf1d3000, 0x0000022cbf1d4000,
0x0000022cbf1d5800, 0x0000022cbf42f000, 0x0000022cc03cd000, 0x0000022cc0b5d800,
0x0000022cc0151800, 0x0000022cc0878800, 0x0000022cc0af7800, 0x0000022cc0b37800,
0x0000022cc0e1b000, 0x0000022cc0814800, 0x0000022cc0e30000, 0x0000022cc0e31800,
0x0000022cc0e2b800, 0x0000022cc0e2f000, 0x0000022cc0e2c800, 0x0000022cc0e30800,
0x0000022cc0e32800, 0x0000022cc0e2d800, 0x0000022cc0e2e000, 0x0000022cc3067000,
0x0000022cc3063000, 0x0000022cc3065800, 0x0000022cc3064000, 0x0000022cc3069000,
0x0000022cc3066800, 0x0000022cc3069800, 0x0000022cc306a800, 0x0000022cc3064800,
0x0000022cc306c000, 0x0000022cc306d000, 0x0000022cc306d800, 0x0000022cc306e800,
0x0000022cc306f800, 0x0000022cc306b800, 0x0000022cc3070000, 0x0000022cc3071000,
0x0000022cc004f800, 0x0000022cc0053800, 0x0000022cc0050000, 0x0000022cc0051000,
0x0000022cc0055000, 0x0000022cc0056000, 0x0000022cc0056800, 0x0000022cc0057800,
0x0000022cc0052000, 0x0000022cc0052800, 0x0000022cc0059000, 0x0000022cc005a000,
0x0000022cc0058800, 0x0000022cc0054000, 0x0000022cc005c800, 0x0000022cc005d000,
0x0000022cc005b800, 0x0000022cc005b000, 0x0000022cc005e000, 0x0000022cc16f4000,
0x0000022cc16f7800, 0x0000022cc16f5000, 0x0000022cc16f3800, 0x0000022cc16f2800,
0x0000022cc16f6000, 0x0000022cc16f6800, 0x0000022cc16f1800, 0x0000022cc16fe000,
0x0000022cc16fa000, 0x0000022cc16f9000, 0x0000022cc16fc800, 0x0000022cc16fa800,
0x0000022cc16fb800, 0x0000022cc16fd000, 0x0000022cc16f8000, 0x0000022cc16fe800,
0x0000022cc16ff800, 0x0000022cc1700800, 0x0000022cc17fb000, 0x0000022cc17fc000,
0x0000022cc17ff000, 0x0000022cc17fa000, 0x0000022cc17fe000, 0x0000022cc7e0d800
}

Java Threads: ( => current thread )
  0x0000022c9f96b000 JavaThread "main" [_thread_blocked, id=3848, stack(0x00000068d8300000,0x00000068d8400000)]
  0x0000022cbf169800 JavaThread "Reference Handler" daemon [_thread_blocked, id=7372, stack(0x00000068d8a00000,0x00000068d8b00000)]
  0x0000022cbf173000 JavaThread "Finalizer" daemon [_thread_blocked, id=16212, stack(0x00000068d8b00000,0x00000068d8c00000)]
  0x0000022cbf1c4800 JavaThread "Signal Dispatcher" daemon [_thread_blocked, id=16780, stack(0x00000068d8c00000,0x00000068d8d00000)]
  0x0000022cbf1c5800 JavaThread "Attach Listener" daemon [_thread_blocked, id=16348, stack(0x00000068d8d00000,0x00000068d8e00000)]
  0x0000022cbf1c8800 JavaThread "Service Thread" daemon [_thread_blocked, id=11540, stack(0x00000068d8e00000,0x00000068d8f00000)]
  0x0000022cbf1d3000 JavaThread "C2 CompilerThread0" daemon [_thread_in_native, id=4956, stack(0x00000068d8f00000,0x00000068d9000000)]
  0x0000022cbf1d4000 JavaThread "C1 CompilerThread0" daemon [_thread_blocked, id=17376, stack(0x00000068d9000000,0x00000068d9100000)]
  0x0000022cbf1d5800 JavaThread "Sweeper thread" daemon [_thread_blocked, id=16616, stack(0x00000068d9100000,0x00000068d9200000)]
  0x0000022cbf42f000 JavaThread "Common-Cleaner" daemon [_thread_blocked, id=13620, stack(0x00000068d9200000,0x00000068d9300000)]
  0x0000022cc03cd000 JavaThread "Daemon health stats" [_thread_blocked, id=14732, stack(0x00000068d9500000,0x00000068d9600000)]
  0x0000022cc0b5d800 JavaThread "Incoming local TCP Connector on port 58221" [_thread_in_native, id=18268, stack(0x00000068d9600000,0x00000068d9700000)]
  0x0000022cc0151800 JavaThread "Daemon periodic checks" [_thread_blocked, id=14708, stack(0x00000068d9900000,0x00000068d9a00000)]
  0x0000022cc0878800 JavaThread "Daemon" [_thread_blocked, id=18104, stack(0x00000068d9a00000,0x00000068d9b00000)]
  0x0000022cc0af7800 JavaThread "Handler for socket connection from /127.0.0.1:58221 to /127.0.0.1:58222" [_thread_in_native, id=15388, stack(0x00000068d9b00000,0x00000068d9c00000)]
  0x0000022cc0b37800 JavaThread "Cancel handler" [_thread_blocked, id=16976, stack(0x00000068d9c00000,0x00000068d9d00000)]
  0x0000022cc0e1b000 JavaThread "Daemon worker" [_thread_blocked, id=16408, stack(0x00000068d9d00000,0x00000068d9e00000)]
  0x0000022cc0814800 JavaThread "Asynchronous log dispatcher for DefaultDaemonConnection: socket connection from /127.0.0.1:58221 to /127.0.0.1:58222" [_thread_blocked, id=15436, stack(0x00000068d9e00000,0x00000068d9f00000)]
  0x0000022cc0e30000 JavaThread "Daemon client event forwarder" [_thread_blocked, id=16812, stack(0x00000068da000000,0x00000068da100000)]
  0x0000022cc0e31800 JavaThread "Cache worker for journal cache (C:\Users\ASUS\.gradle\caches\journal-1)" [_thread_blocked, id=16596, stack(0x00000068da100000,0x00000068da200000)]
  0x0000022cc0e2b800 JavaThread "File lock request listener" [_thread_in_native, id=18700, stack(0x00000068da200000,0x00000068da300000)]
  0x0000022cc0e2f000 JavaThread "Cache worker for file hash cache (C:\Users\ASUS\.gradle\caches\7.4\fileHashes)" [_thread_blocked, id=14444, stack(0x00000068da300000,0x00000068da400000)]
  0x0000022cc0e2c800 JavaThread "File watcher server" daemon [_thread_blocked, id=16420, stack(0x00000068da400000,0x00000068da500000)]
  0x0000022cc0e30800 JavaThread "File watcher consumer" daemon [_thread_blocked, id=5828, stack(0x00000068da500000,0x00000068da600000)]
  0x0000022cc0e32800 JavaThread "Cache worker for checksums cache (D:\C O D I N G\Bangkit\Android\GithubUser\.gradle\7.4\checksums)" [_thread_blocked, id=17292, stack(0x00000068da600000,0x00000068da700000)]
  0x0000022cc0e2d800 JavaThread "Cache worker for cache directory md-rule (C:\Users\ASUS\.gradle\caches\7.4\md-rule)" [_thread_blocked, id=12300, stack(0x00000068da700000,0x00000068da800000)]
  0x0000022cc0e2e000 JavaThread "Cache worker for file hash cache (D:\C O D I N G\Bangkit\Android\GithubUser\.gradle\7.4\fileHashes)" [_thread_blocked, id=5808, stack(0x00000068da800000,0x00000068da900000)]
  0x0000022cc3067000 JavaThread "Cache worker for cache directory md-supplier (C:\Users\ASUS\.gradle\caches\7.4\md-supplier)" [_thread_blocked, id=12464, stack(0x00000068da900000,0x00000068daa00000)]
  0x0000022cc3063000 JavaThread "Cache worker for execution history cache (C:\Users\ASUS\.gradle\caches\7.4\executionHistory)" [_thread_blocked, id=18500, stack(0x00000068daa00000,0x00000068dab00000)]
  0x0000022cc3065800 JavaThread "jar transforms" [_thread_blocked, id=8284, stack(0x00000068dab00000,0x00000068dac00000)]
  0x0000022cc3064000 JavaThread "Cache worker for file content cache (C:\Users\ASUS\.gradle\caches\7.4\fileContent)" [_thread_blocked, id=780, stack(0x00000068dac00000,0x00000068dad00000)]
  0x0000022cc3069000 JavaThread "jar transforms Thread 2" [_thread_blocked, id=14244, stack(0x00000068dad00000,0x00000068dae00000)]
  0x0000022cc3066800 JavaThread "Cache worker for dependencies-accessors (D:\C O D I N G\Bangkit\Android\GithubUser\.gradle\7.4\dependencies-accessors)" [_thread_blocked, id=3860, stack(0x00000068dae00000,0x00000068daf00000)]
  0x0000022cc3069800 JavaThread "jar transforms Thread 3" [_thread_blocked, id=17708, stack(0x00000068daf00000,0x00000068db000000)]
  0x0000022cc306a800 JavaThread "Cache worker for Build Output Cleanup Cache (D:\C O D I N G\Bangkit\Android\GithubUser\.gradle\buildOutputCleanup)" [_thread_blocked, id=9812, stack(0x00000068db000000,0x00000068db100000)]
  0x0000022cc3064800 JavaThread "Unconstrained build operations" [_thread_blocked, id=15560, stack(0x00000068db100000,0x00000068db200000)]
  0x0000022cc306c000 JavaThread "Unconstrained build operations Thread 2" [_thread_blocked, id=13868, stack(0x00000068db200000,0x00000068db300000)]
  0x0000022cc306d000 JavaThread "Unconstrained build operations Thread 3" [_thread_blocked, id=2828, stack(0x00000068db300000,0x00000068db400000)]
  0x0000022cc306d800 JavaThread "Unconstrained build operations Thread 4" [_thread_blocked, id=14980, stack(0x00000068db400000,0x00000068db500000)]
  0x0000022cc306e800 JavaThread "Unconstrained build operations Thread 5" [_thread_blocked, id=712, stack(0x00000068db500000,0x00000068db600000)]
  0x0000022cc306f800 JavaThread "Unconstrained build operations Thread 6" [_thread_blocked, id=14988, stack(0x00000068db600000,0x00000068db700000)]
  0x0000022cc306b800 JavaThread "Unconstrained build operations Thread 7" [_thread_blocked, id=14992, stack(0x00000068db700000,0x00000068db800000)]
  0x0000022cc3070000 JavaThread "Unconstrained build operations Thread 8" [_thread_blocked, id=3680, stack(0x00000068db800000,0x00000068db900000)]
  0x0000022cc3071000 JavaThread "Unconstrained build operations Thread 9" [_thread_blocked, id=15568, stack(0x00000068db900000,0x00000068dba00000)]
  0x0000022cc004f800 JavaThread "Unconstrained build operations Thread 10" [_thread_blocked, id=640, stack(0x00000068dba00000,0x00000068dbb00000)]
  0x0000022cc0053800 JavaThread "Unconstrained build operations Thread 11" [_thread_blocked, id=10036, stack(0x00000068dbb00000,0x00000068dbc00000)]
  0x0000022cc0050000 JavaThread "Unconstrained build operations Thread 12" [_thread_blocked, id=7000, stack(0x00000068dbc00000,0x00000068dbd00000)]
  0x0000022cc0051000 JavaThread "Unconstrained build operations Thread 13" [_thread_blocked, id=3652, stack(0x00000068dbd00000,0x00000068dbe00000)]
  0x0000022cc0055000 JavaThread "Unconstrained build operations Thread 14" [_thread_blocked, id=18604, stack(0x00000068dbe00000,0x00000068dbf00000)]
  0x0000022cc0056000 JavaThread "Unconstrained build operations Thread 15" [_thread_blocked, id=8432, stack(0x00000068dbf00000,0x00000068dc000000)]
  0x0000022cc0056800 JavaThread "Unconstrained build operations Thread 16" [_thread_blocked, id=10048, stack(0x00000068dc000000,0x00000068dc100000)]
  0x0000022cc0057800 JavaThread "Unconstrained build operations Thread 17" [_thread_blocked, id=18592, stack(0x00000068dc100000,0x00000068dc200000)]
  0x0000022cc0052000 JavaThread "Unconstrained build operations Thread 18" [_thread_blocked, id=9496, stack(0x00000068dc200000,0x00000068dc300000)]
  0x0000022cc0052800 JavaThread "Unconstrained build operations Thread 19" [_thread_blocked, id=15684, stack(0x00000068dc300000,0x00000068dc400000)]
  0x0000022cc0059000 JavaThread "Unconstrained build operations Thread 20" [_thread_blocked, id=18160, stack(0x00000068dc400000,0x00000068dc500000)]
  0x0000022cc005a000 JavaThread "Unconstrained build operations Thread 21" [_thread_blocked, id=17932, stack(0x00000068dc500000,0x00000068dc600000)]
  0x0000022cc0058800 JavaThread "Unconstrained build operations Thread 22" [_thread_blocked, id=18820, stack(0x00000068dc600000,0x00000068dc700000)]
  0x0000022cc0054000 JavaThread "Unconstrained build operations Thread 23" [_thread_blocked, id=17876, stack(0x00000068dc700000,0x00000068dc800000)]
  0x0000022cc005c800 JavaThread "Unconstrained build operations Thread 24" [_thread_blocked, id=2716, stack(0x00000068dc800000,0x00000068dc900000)]
  0x0000022cc005d000 JavaThread "Unconstrained build operations Thread 25" [_thread_blocked, id=15824, stack(0x00000068dc900000,0x00000068dca00000)]
  0x0000022cc005b800 JavaThread "Unconstrained build operations Thread 26" [_thread_blocked, id=16500, stack(0x00000068dca00000,0x00000068dcb00000)]
  0x0000022cc005b000 JavaThread "Unconstrained build operations Thread 27" [_thread_blocked, id=18564, stack(0x00000068dcb00000,0x00000068dcc00000)]
  0x0000022cc005e000 JavaThread "Unconstrained build operations Thread 28" [_thread_blocked, id=380, stack(0x00000068dcc00000,0x00000068dcd00000)]
  0x0000022cc16f4000 JavaThread "Unconstrained build operations Thread 29" [_thread_blocked, id=17068, stack(0x00000068dcd00000,0x00000068dce00000)]
  0x0000022cc16f7800 JavaThread "Unconstrained build operations Thread 30" [_thread_blocked, id=12860, stack(0x00000068dce00000,0x00000068dcf00000)]
  0x0000022cc16f5000 JavaThread "Unconstrained build operations Thread 31" [_thread_blocked, id=18448, stack(0x00000068dcf00000,0x00000068dd000000)]
  0x0000022cc16f3800 JavaThread "Unconstrained build operations Thread 32" [_thread_blocked, id=18148, stack(0x00000068dd000000,0x00000068dd100000)]
  0x0000022cc16f2800 JavaThread "Unconstrained build operations Thread 33" [_thread_blocked, id=18296, stack(0x00000068dd100000,0x00000068dd200000)]
  0x0000022cc16f6000 JavaThread "Unconstrained build operations Thread 34" [_thread_blocked, id=17744, stack(0x00000068dd200000,0x00000068dd300000)]
  0x0000022cc16f6800 JavaThread "Unconstrained build operations Thread 35" [_thread_blocked, id=14368, stack(0x00000068dd300000,0x00000068dd400000)]
  0x0000022cc16f1800 JavaThread "Unconstrained build operations Thread 36" [_thread_blocked, id=2188, stack(0x00000068dd400000,0x00000068dd500000)]
  0x0000022cc16fe000 JavaThread "Unconstrained build operations Thread 37" [_thread_blocked, id=15796, stack(0x00000068dd500000,0x00000068dd600000)]
  0x0000022cc16fa000 JavaThread "Unconstrained build operations Thread 38" [_thread_blocked, id=13584, stack(0x00000068dd600000,0x00000068dd700000)]
  0x0000022cc16f9000 JavaThread "Unconstrained build operations Thread 39" [_thread_blocked, id=15712, stack(0x00000068dd700000,0x00000068dd800000)]
  0x0000022cc16fc800 JavaThread "Unconstrained build operations Thread 40" [_thread_blocked, id=15480, stack(0x00000068dd800000,0x00000068dd900000)]
  0x0000022cc16fa800 JavaThread "jar transforms Thread 4" [_thread_blocked, id=7688, stack(0x00000068dd900000,0x00000068dda00000)]
  0x0000022cc16fb800 JavaThread "Memory manager" [_thread_blocked, id=17588, stack(0x00000068dda00000,0x00000068ddb00000)]
  0x0000022cc16fd000 JavaThread "build event listener" [_thread_blocked, id=16936, stack(0x00000068ddd00000,0x00000068dde00000)]
  0x0000022cc16f8000 JavaThread "included builds" [_thread_blocked, id=19024, stack(0x00000068dde00000,0x00000068ddf00000)]
  0x0000022cc16fe800 JavaThread "Execution worker for ':'" [_thread_blocked, id=2136, stack(0x00000068ddf00000,0x00000068de000000)]
  0x0000022cc16ff800 JavaThread "Execution worker for ':' Thread 2" [_thread_blocked, id=16592, stack(0x00000068de000000,0x00000068de100000)]
  0x0000022cc1700800 JavaThread "Execution worker for ':' Thread 3" [_thread_blocked, id=18644, stack(0x00000068de100000,0x00000068de200000)]
  0x0000022cc17fb000 JavaThread "Cache worker for execution history cache (D:\C O D I N G\Bangkit\Android\GithubUser\.gradle\7.4\executionHistory)" [_thread_blocked, id=19044, stack(0x00000068de200000,0x00000068de300000)]
  0x0000022cc17fc000 JavaThread "WorkerExecutor Queue" [_thread_blocked, id=8764, stack(0x00000068de300000,0x00000068de400000)]
  0x0000022cc17ff000 JavaThread "pool-3-thread-1" [_thread_blocked, id=18752, stack(0x00000068de400000,0x00000068de500000)]
  0x0000022cc17fa000 JavaThread "stderr" [_thread_in_native, id=12804, stack(0x00000068de500000,0x00000068de600000)]
  0x0000022cc17fe000 JavaThread "stdout" [_thread_in_native, id=19072, stack(0x00000068de600000,0x00000068de700000)]
  0x0000022cc7e0d800 JavaThread "C2 CompilerThread1" daemon [_thread_blocked, id=14532, stack(0x00000068d8000000,0x00000068d8100000)]

Other Threads:
=>0x0000022cbf167000 VMThread "VM Thread" [stack: 0x00000068d8900000,0x00000068d8a00000] [id=1012]
  0x0000022cbf460000 WatcherThread [stack: 0x00000068d9300000,0x00000068d9400000] [id=11936]
  0x0000022c9f984000 GCTaskThread "GC Thread#0" [stack: 0x00000068d8400000,0x00000068d8500000] [id=18956]
  0x0000022cbfb55800 GCTaskThread "GC Thread#1" [stack: 0x00000068d9400000,0x00000068d9500000] [id=17320]
  0x0000022cc0c15800 GCTaskThread "GC Thread#2" [stack: 0x00000068d9700000,0x00000068d9800000] [id=4296]
  0x0000022cc0151000 GCTaskThread "GC Thread#3" [stack: 0x00000068d9800000,0x00000068d9900000] [id=18620]
  0x0000022c9f9b6800 ConcurrentGCThread "G1 Main Marker" [stack: 0x00000068d8500000,0x00000068d8600000] [id=4352]
  0x0000022c9f9b8800 ConcurrentGCThread "G1 Conc#0" [stack: 0x00000068d8600000,0x00000068d8700000] [id=13720]
  0x0000022c9fa00800 ConcurrentGCThread "G1 Refine#0" [stack: 0x00000068d8700000,0x00000068d8800000] [id=14412]
  0x0000022ccb292800 ConcurrentGCThread "G1 Refine#1" [stack: 0x00000068d8100000,0x00000068d8200000] [id=4840]
  0x0000022c9fa01800 ConcurrentGCThread "G1 Young RemSet Sampling" [stack: 0x00000068d8800000,0x00000068d8900000] [id=4400]

Threads with active compile tasks:
C2 CompilerThread0   122024 19425       4       com.android.tools.r8.internal.Ra::a (6176 bytes)
C2 CompilerThread1   122024 19434       4       com.android.tools.r8.ir.regalloc.b::c (4031 bytes)

VM state:at safepoint (normal execution)

VM Mutex/Monitor currently owned by a thread:  ([mutex/lock_event])
[0x0000022c9f967290] Threads_lock - owner thread: 0x0000022cbf167000
[0x0000022c9f966990] Heap_lock - owner thread: 0x0000022cc16f5000

Heap address: 0x0000000080000000, size: 2048 MB, Compressed Oops mode: 32-bit
Narrow klass base: 0x0000000000000000, Narrow klass shift: 3
Compressed class space size: 1073741824 Address: 0x0000000100000000

Heap:
 garbage-first heap   total 425984K, used 228044K [0x0000000080000000, 0x0000000100000000)
  region size 1024K, 6 young (6144K), 6 survivors (6144K)
 Metaspace       used 112913K, capacity 115851K, committed 116048K, reserved 1150976K
  class space    used 14268K, capacity 15434K, committed 15616K, reserved 1048576K
Heap Regions: E=young(eden), S=young(survivor), O=old, HS=humongous(starts), HC=humongous(continues), CS=collection set, F=free, A=archive, TAMS=top-at-mark-start (previous, next)
|   0|0x0000000080000000, 0x0000000080100000, 0x0000000080100000|100%|HS|  |TAMS 0x0000000080100000, 0x0000000080000000| Complete 
|   1|0x0000000080100000, 0x0000000080200000, 0x0000000080200000|100%|HC|  |TAMS 0x0000000080200000, 0x0000000080100000| Complete 
|   2|0x0000000080200000, 0x0000000080300000, 0x0000000080300000|100%|HC|  |TAMS 0x0000000080300000, 0x0000000080200000| Complete 
|   3|0x0000000080300000, 0x0000000080400000, 0x0000000080400000|100%| O|  |TAMS 0x0000000080400000, 0x0000000080300000| Untracked 
|   4|0x0000000080400000, 0x0000000080500000, 0x0000000080500000|100%| O|  |TAMS 0x0000000080500000, 0x0000000080400000| Untracked 
|   5|0x0000000080500000, 0x0000000080600000, 0x0000000080600000|100%| O|  |TAMS 0x0000000080600000, 0x0000000080500000| Untracked 
|   6|0x0000000080600000, 0x0000000080700000, 0x0000000080700000|100%| O|  |TAMS 0x0000000080700000, 0x0000000080600000| Untracked 
|   7|0x0000000080700000, 0x0000000080800000, 0x0000000080800000|100%| O|  |TAMS 0x0000000080800000, 0x0000000080700000| Untracked 
|   8|0x0000000080800000, 0x0000000080900000, 0x0000000080900000|100%| O|  |TAMS 0x0000000080900000, 0x0000000080800000| Untracked 
|   9|0x0000000080900000, 0x0000000080a00000, 0x0000000080a00000|100%| O|  |TAMS 0x0000000080a00000, 0x0000000080900000| Untracked 
|  10|0x0000000080a00000, 0x0000000080b00000, 0x0000000080b00000|100%| O|  |TAMS 0x0000000080b00000, 0x0000000080a00000| Untracked 
|  11|0x0000000080b00000, 0x0000000080c00000, 0x0000000080c00000|100%| O|  |TAMS 0x0000000080c00000, 0x0000000080b00000| Untracked 
|  12|0x0000000080c00000, 0x0000000080d00000, 0x0000000080d00000|100%| O|  |TAMS 0x0000000080d00000, 0x0000000080c00000| Untracked 
|  13|0x0000000080d00000, 0x0000000080e00000, 0x0000000080e00000|100%| O|  |TAMS 0x0000000080e00000, 0x0000000080d00000| Untracked 
|  14|0x0000000080e00000, 0x0000000080f00000, 0x0000000080f00000|100%| O|  |TAMS 0x0000000080f00000, 0x0000000080e00000| Untracked 
|  15|0x0000000080f00000, 0x0000000081000000, 0x0000000081000000|100%| O|  |TAMS 0x0000000081000000, 0x0000000080f00000| Untracked 
|  16|0x0000000081000000, 0x0000000081100000, 0x0000000081100000|100%| O|  |TAMS 0x0000000081100000, 0x0000000081000000| Untracked 
|  17|0x0000000081100000, 0x0000000081200000, 0x0000000081200000|100%| O|  |TAMS 0x0000000081200000, 0x0000000081100000| Untracked 
|  18|0x0000000081200000, 0x0000000081300000, 0x0000000081300000|100%| O|  |TAMS 0x0000000081300000, 0x0000000081200000| Untracked 
|  19|0x0000000081300000, 0x0000000081400000, 0x0000000081400000|100%| O|  |TAMS 0x0000000081400000, 0x0000000081300000| Untracked 
|  20|0x0000000081400000, 0x0000000081500000, 0x0000000081500000|100%| O|  |TAMS 0x0000000081500000, 0x0000000081400000| Untracked 
|  21|0x0000000081500000, 0x0000000081600000, 0x0000000081600000|100%| O|  |TAMS 0x0000000081600000, 0x0000000081500000| Untracked 
|  22|0x0000000081600000, 0x0000000081700000, 0x0000000081700000|100%| O|  |TAMS 0x0000000081700000, 0x0000000081600000| Untracked 
|  23|0x0000000081700000, 0x0000000081800000, 0x0000000081800000|100%| O|  |TAMS 0x0000000081800000, 0x0000000081700000| Untracked 
|  24|0x0000000081800000, 0x0000000081900000, 0x0000000081900000|100%| O|  |TAMS 0x0000000081900000, 0x0000000081800000| Untracked 
|  25|0x0000000081900000, 0x0000000081a00000, 0x0000000081a00000|100%| O|  |TAMS 0x0000000081a00000, 0x0000000081900000| Untracked 
|  26|0x0000000081a00000, 0x0000000081b00000, 0x0000000081b00000|100%| O|  |TAMS 0x0000000081b00000, 0x0000000081a00000| Untracked 
|  27|0x0000000081b00000, 0x0000000081c00000, 0x0000000081c00000|100%| O|  |TAMS 0x0000000081c00000, 0x0000000081b00000| Untracked 
|  28|0x0000000081c00000, 0x0000000081d00000, 0x0000000081d00000|100%| O|  |TAMS 0x0000000081d00000, 0x0000000081c00000| Untracked 
|  29|0x0000000081d00000, 0x0000000081e00000, 0x0000000081e00000|100%|HS|  |TAMS 0x0000000081e00000, 0x0000000081d00000| Complete 
|  30|0x0000000081e00000, 0x0000000081f00000, 0x0000000081f00000|100%|HS|  |TAMS 0x0000000081f00000, 0x0000000081e00000| Complete 
|  31|0x0000000081f00000, 0x0000000082000000, 0x0000000082000000|100%|HS|  |TAMS 0x0000000082000000, 0x0000000081f00000| Complete 
|  32|0x0000000082000000, 0x0000000082100000, 0x0000000082100000|100%| O|  |TAMS 0x0000000082100000, 0x0000000082000000| Untracked 
|  33|0x0000000082100000, 0x0000000082200000, 0x0000000082200000|100%| O|  |TAMS 0x0000000082200000, 0x0000000082100000| Untracked 
|  34|0x0000000082200000, 0x0000000082300000, 0x0000000082300000|100%| O|  |TAMS 0x0000000082300000, 0x0000000082200000| Untracked 
|  35|0x0000000082300000, 0x0000000082400000, 0x0000000082400000|100%| O|  |TAMS 0x0000000082400000, 0x0000000082300000| Untracked 
|  36|0x0000000082400000, 0x0000000082500000, 0x0000000082500000|100%| O|  |TAMS 0x0000000082500000, 0x0000000082400000| Untracked 
|  37|0x0000000082500000, 0x0000000082600000, 0x0000000082600000|100%| O|  |TAMS 0x0000000082600000, 0x0000000082500000| Untracked 
|  38|0x0000000082600000, 0x0000000082700000, 0x0000000082700000|100%|HS|  |TAMS 0x0000000082700000, 0x0000000082600000| Complete 
|  39|0x0000000082700000, 0x0000000082800000, 0x0000000082800000|100%|HC|  |TAMS 0x0000000082800000, 0x0000000082700000| Complete 
|  40|0x0000000082800000, 0x0000000082900000, 0x0000000082900000|100%|HC|  |TAMS 0x0000000082900000, 0x0000000082800000| Complete 
|  41|0x0000000082900000, 0x0000000082a00000, 0x0000000082a00000|100%|HC|  |TAMS 0x0000000082a00000, 0x0000000082900000| Complete 
|  42|0x0000000082a00000, 0x0000000082b00000, 0x0000000082b00000|100%| O|  |TAMS 0x0000000082b00000, 0x0000000082a00000| Untracked 
|  43|0x0000000082b00000, 0x0000000082c00000, 0x0000000082c00000|100%| O|  |TAMS 0x0000000082c00000, 0x0000000082b00000| Untracked 
|  44|0x0000000082c00000, 0x0000000082d00000, 0x0000000082d00000|100%| O|  |TAMS 0x0000000082d00000, 0x0000000082c00000| Untracked 
|  45|0x0000000082d00000, 0x0000000082e00000, 0x0000000082e00000|100%|HS|  |TAMS 0x0000000082e00000, 0x0000000082d00000| Complete 
|  46|0x0000000082e00000, 0x0000000082f00000, 0x0000000082f00000|100%|HC|  |TAMS 0x0000000082f00000, 0x0000000082e00000| Complete 
|  47|0x0000000082f00000, 0x0000000083000000, 0x0000000083000000|100%| O|  |TAMS 0x0000000083000000, 0x0000000082f00000| Untracked 
|  48|0x0000000083000000, 0x0000000083100000, 0x0000000083100000|100%| O|  |TAMS 0x0000000083100000, 0x0000000083000000| Untracked 
|  49|0x0000000083100000, 0x0000000083200000, 0x0000000083200000|100%| O|  |TAMS 0x0000000083200000, 0x0000000083100000| Untracked 
|  50|0x0000000083200000, 0x0000000083300000, 0x0000000083300000|100%| O|  |TAMS 0x0000000083300000, 0x0000000083200000| Untracked 
|  51|0x0000000083300000, 0x0000000083400000, 0x0000000083400000|100%| O|  |TAMS 0x0000000083400000, 0x0000000083300000| Untracked 
|  52|0x0000000083400000, 0x0000000083500000, 0x0000000083500000|100%| O|  |TAMS 0x0000000083500000, 0x0000000083400000| Untracked 
|  53|0x0000000083500000, 0x0000000083600000, 0x0000000083600000|100%| O|  |TAMS 0x0000000083600000, 0x0000000083500000| Untracked 
|  54|0x0000000083600000, 0x0000000083700000, 0x0000000083700000|100%| O|  |TAMS 0x0000000083700000, 0x0000000083600000| Untracked 
|  55|0x0000000083700000, 0x0000000083800000, 0x0000000083800000|100%| O|  |TAMS 0x0000000083800000, 0x0000000083700000| Untracked 
|  56|0x0000000083800000, 0x0000000083900000, 0x0000000083900000|100%| O|  |TAMS 0x0000000083900000, 0x0000000083800000| Untracked 
|  57|0x0000000083900000, 0x0000000083a00000, 0x0000000083a00000|100%| O|  |TAMS 0x0000000083a00000, 0x0000000083900000| Untracked 
|  58|0x0000000083a00000, 0x0000000083b00000, 0x0000000083b00000|100%| O|  |TAMS 0x0000000083b00000, 0x0000000083a00000| Untracked 
|  59|0x0000000083b00000, 0x0000000083c00000, 0x0000000083c00000|100%| O|  |TAMS 0x0000000083c00000, 0x0000000083b00000| Untracked 
|  60|0x0000000083c00000, 0x0000000083d00000, 0x0000000083d00000|100%| O|  |TAMS 0x0000000083d00000, 0x0000000083c00000| Untracked 
|  61|0x0000000083d00000, 0x0000000083e00000, 0x0000000083e00000|100%| O|  |TAMS 0x0000000083e00000, 0x0000000083d00000| Untracked 
|  62|0x0000000083e00000, 0x0000000083f00000, 0x0000000083f00000|100%| O|  |TAMS 0x0000000083f00000, 0x0000000083e00000| Untracked 
|  63|0x0000000083f00000, 0x0000000084000000, 0x0000000084000000|100%| O|  |TAMS 0x0000000084000000, 0x0000000083f00000| Untracked 
|  64|0x0000000084000000, 0x0000000084100000, 0x0000000084100000|100%| O|  |TAMS 0x0000000084100000, 0x0000000084000000| Untracked 
|  65|0x0000000084100000, 0x0000000084200000, 0x0000000084200000|100%| O|  |TAMS 0x0000000084200000, 0x0000000084100000| Untracked 
|  66|0x0000000084200000, 0x0000000084300000, 0x0000000084300000|100%| O|  |TAMS 0x0000000084300000, 0x0000000084200000| Untracked 
|  67|0x0000000084300000, 0x0000000084400000, 0x0000000084400000|100%| O|  |TAMS 0x0000000084400000, 0x0000000084300000| Untracked 
|  68|0x0000000084400000, 0x0000000084500000, 0x0000000084500000|100%| O|  |TAMS 0x0000000084500000, 0x0000000084400000| Untracked 
|  69|0x0000000084500000, 0x0000000084600000, 0x0000000084600000|100%| O|  |TAMS 0x0000000084600000, 0x0000000084500000| Untracked 
|  70|0x0000000084600000, 0x0000000084700000, 0x0000000084700000|100%| O|  |TAMS 0x0000000084700000, 0x0000000084600000| Untracked 
|  71|0x0000000084700000, 0x0000000084800000, 0x0000000084800000|100%| O|  |TAMS 0x0000000084800000, 0x0000000084700000| Untracked 
|  72|0x0000000084800000, 0x0000000084900000, 0x0000000084900000|100%| O|  |TAMS 0x0000000084900000, 0x0000000084800000| Untracked 
|  73|0x0000000084900000, 0x0000000084a00000, 0x0000000084a00000|100%| O|  |TAMS 0x0000000084a00000, 0x0000000084900000| Untracked 
|  74|0x0000000084a00000, 0x0000000084b00000, 0x0000000084b00000|100%| O|  |TAMS 0x0000000084b00000, 0x0000000084a00000| Untracked 
|  75|0x0000000084b00000, 0x0000000084c00000, 0x0000000084c00000|100%| O|  |TAMS 0x0000000084c00000, 0x0000000084b00000| Untracked 
|  76|0x0000000084c00000, 0x0000000084d00000, 0x0000000084d00000|100%| O|  |TAMS 0x0000000084d00000, 0x0000000084c00000| Untracked 
|  77|0x0000000084d00000, 0x0000000084e00000, 0x0000000084e00000|100%| O|  |TAMS 0x0000000084e00000, 0x0000000084d00000| Untracked 
|  78|0x0000000084e00000, 0x0000000084f00000, 0x0000000084f00000|100%| O|  |TAMS 0x0000000084f00000, 0x0000000084e00000| Untracked 
|  79|0x0000000084f00000, 0x0000000085000000, 0x0000000085000000|100%| O|  |TAMS 0x0000000085000000, 0x0000000084f00000| Untracked 
|  80|0x0000000085000000, 0x0000000085100000, 0x0000000085100000|100%| O|  |TAMS 0x0000000085100000, 0x0000000085000000| Untracked 
|  81|0x0000000085100000, 0x0000000085200000, 0x0000000085200000|100%| O|  |TAMS 0x0000000085200000, 0x0000000085100000| Untracked 
|  82|0x0000000085200000, 0x0000000085300000, 0x0000000085300000|100%| O|  |TAMS 0x0000000085300000, 0x0000000085200000| Untracked 
|  83|0x0000000085300000, 0x0000000085400000, 0x0000000085400000|100%| O|  |TAMS 0x0000000085400000, 0x0000000085300000| Untracked 
|  84|0x0000000085400000, 0x0000000085500000, 0x0000000085500000|100%| O|  |TAMS 0x0000000085500000, 0x0000000085400000| Untracked 
|  85|0x0000000085500000, 0x0000000085600000, 0x0000000085600000|100%| O|  |TAMS 0x0000000085600000, 0x0000000085500000| Untracked 
|  86|0x0000000085600000, 0x0000000085700000, 0x0000000085700000|100%| O|  |TAMS 0x0000000085700000, 0x0000000085600000| Untracked 
|  87|0x0000000085700000, 0x0000000085800000, 0x0000000085800000|100%| O|  |TAMS 0x0000000085800000, 0x0000000085700000| Untracked 
|  88|0x0000000085800000, 0x0000000085900000, 0x0000000085900000|100%| O|  |TAMS 0x0000000085900000, 0x0000000085800000| Untracked 
|  89|0x0000000085900000, 0x0000000085a00000, 0x0000000085a00000|100%| O|  |TAMS 0x0000000085a00000, 0x0000000085900000| Untracked 
|  90|0x0000000085a00000, 0x0000000085b00000, 0x0000000085b00000|100%|HS|  |TAMS 0x0000000085b00000, 0x0000000085a00000| Complete 
|  91|0x0000000085b00000, 0x0000000085c00000, 0x0000000085c00000|100%|HC|  |TAMS 0x0000000085c00000, 0x0000000085b00000| Complete 
|  92|0x0000000085c00000, 0x0000000085d00000, 0x0000000085d00000|100%| O|  |TAMS 0x0000000085c00000, 0x0000000085c00000| Untracked 
|  93|0x0000000085d00000, 0x0000000085e00000, 0x0000000085e00000|100%| O|  |TAMS 0x0000000085e00000, 0x0000000085d00000| Untracked 
|  94|0x0000000085e00000, 0x0000000085f00000, 0x0000000085f00000|100%| O|  |TAMS 0x0000000085f00000, 0x0000000085e00000| Untracked 
|  95|0x0000000085f00000, 0x0000000086000000, 0x0000000086000000|100%| O|  |TAMS 0x0000000086000000, 0x0000000085f00000| Untracked 
|  96|0x0000000086000000, 0x0000000086100000, 0x0000000086100000|100%| O|  |TAMS 0x0000000086100000, 0x0000000086000000| Untracked 
|  97|0x0000000086100000, 0x0000000086200000, 0x0000000086200000|100%| O|  |TAMS 0x0000000086200000, 0x0000000086100000| Untracked 
|  98|0x0000000086200000, 0x0000000086300000, 0x0000000086300000|100%| O|  |TAMS 0x0000000086300000, 0x0000000086200000| Untracked 
|  99|0x0000000086300000, 0x0000000086400000, 0x0000000086400000|100%| O|  |TAMS 0x0000000086400000, 0x0000000086300000| Untracked 
| 100|0x0000000086400000, 0x0000000086500000, 0x0000000086500000|100%| O|  |TAMS 0x0000000086500000, 0x0000000086400000| Untracked 
| 101|0x0000000086500000, 0x0000000086600000, 0x0000000086600000|100%| O|  |TAMS 0x0000000086600000, 0x0000000086500000| Untracked 
| 102|0x0000000086600000, 0x0000000086700000, 0x0000000086700000|100%| O|  |TAMS 0x0000000086700000, 0x0000000086600000| Untracked 
| 103|0x0000000086700000, 0x0000000086800000, 0x0000000086800000|100%| O|  |TAMS 0x0000000086800000, 0x0000000086700000| Untracked 
| 104|0x0000000086800000, 0x0000000086900000, 0x0000000086900000|100%| O|  |TAMS 0x0000000086900000, 0x0000000086800000| Untracked 
| 105|0x0000000086900000, 0x0000000086a00000, 0x0000000086a00000|100%| O|  |TAMS 0x0000000086a00000, 0x0000000086900000| Untracked 
| 106|0x0000000086a00000, 0x0000000086b00000, 0x0000000086b00000|100%| O|  |TAMS 0x0000000086b00000, 0x0000000086a00000| Untracked 
| 107|0x0000000086b00000, 0x0000000086c00000, 0x0000000086c00000|100%| O|  |TAMS 0x0000000086c00000, 0x0000000086b00000| Untracked 
| 108|0x0000000086c00000, 0x0000000086d00000, 0x0000000086d00000|100%| O|  |TAMS 0x0000000086d00000, 0x0000000086c00000| Untracked 
| 109|0x0000000086d00000, 0x0000000086e00000, 0x0000000086e00000|100%| O|  |TAMS 0x0000000086e00000, 0x0000000086d00000| Untracked 
| 110|0x0000000086e00000, 0x0000000086f00000, 0x0000000086f00000|100%| O|  |TAMS 0x0000000086f00000, 0x0000000086e00000| Untracked 
| 111|0x0000000086f00000, 0x0000000087000000, 0x0000000087000000|100%| O|  |TAMS 0x0000000087000000, 0x0000000086f00000| Untracked 
| 112|0x0000000087000000, 0x0000000087100000, 0x0000000087100000|100%| O|  |TAMS 0x0000000087000000, 0x0000000087000000| Untracked 
| 113|0x0000000087100000, 0x0000000087200000, 0x0000000087200000|100%| O|  |TAMS 0x0000000087200000, 0x0000000087100000| Untracked 
| 114|0x0000000087200000, 0x0000000087300000, 0x0000000087300000|100%| O|  |TAMS 0x0000000087300000, 0x0000000087200000| Untracked 
| 115|0x0000000087300000, 0x0000000087400000, 0x0000000087400000|100%| O|  |TAMS 0x0000000087300000, 0x0000000087300000| Untracked 
| 116|0x0000000087400000, 0x0000000087500000, 0x0000000087500000|100%| O|  |TAMS 0x0000000087500000, 0x0000000087400000| Untracked 
| 117|0x0000000087500000, 0x0000000087600000, 0x0000000087600000|100%| O|  |TAMS 0x0000000087600000, 0x0000000087500000| Untracked 
| 118|0x0000000087600000, 0x0000000087700000, 0x0000000087700000|100%| O|  |TAMS 0x0000000087700000, 0x0000000087600000| Untracked 
| 119|0x0000000087700000, 0x0000000087800000, 0x0000000087800000|100%| O|  |TAMS 0x0000000087800000, 0x0000000087700000| Untracked 
| 120|0x0000000087800000, 0x0000000087900000, 0x0000000087900000|100%| O|  |TAMS 0x0000000087900000, 0x0000000087800000| Untracked 
| 121|0x0000000087900000, 0x0000000087a00000, 0x0000000087a00000|100%| O|  |TAMS 0x0000000087a00000, 0x0000000087900000| Untracked 
| 122|0x0000000087a00000, 0x0000000087b00000, 0x0000000087b00000|100%| O|  |TAMS 0x0000000087b00000, 0x0000000087a00000| Untracked 
| 123|0x0000000087b00000, 0x0000000087c00000, 0x0000000087c00000|100%| O|  |TAMS 0x0000000087c00000, 0x0000000087b00000| Untracked 
| 124|0x0000000087c00000, 0x0000000087d00000, 0x0000000087d00000|100%| O|  |TAMS 0x0000000087d00000, 0x0000000087c00000| Untracked 
| 125|0x0000000087d00000, 0x0000000087e00000, 0x0000000087e00000|100%| O|  |TAMS 0x0000000087e00000, 0x0000000087d00000| Untracked 
| 126|0x0000000087e00000, 0x0000000087f00000, 0x0000000087f00000|100%| O|  |TAMS 0x0000000087f00000, 0x0000000087e00000| Untracked 
| 127|0x0000000087f00000, 0x0000000088000000, 0x0000000088000000|100%| O|  |TAMS 0x0000000088000000, 0x0000000087f00000| Untracked 
| 128|0x0000000088000000, 0x0000000088100000, 0x0000000088100000|100%| O|  |TAMS 0x0000000088100000, 0x0000000088000000| Untracked 
| 129|0x0000000088100000, 0x0000000088200000, 0x0000000088200000|100%| O|  |TAMS 0x0000000088200000, 0x0000000088100000| Untracked 
| 130|0x0000000088200000, 0x0000000088300000, 0x0000000088300000|100%| O|  |TAMS 0x0000000088300000, 0x0000000088200000| Untracked 
| 131|0x0000000088300000, 0x0000000088400000, 0x0000000088400000|100%| O|  |TAMS 0x0000000088400000, 0x0000000088300000| Untracked 
| 132|0x0000000088400000, 0x0000000088500000, 0x0000000088500000|100%| O|  |TAMS 0x00000000884d8800, 0x0000000088400000| Untracked 
| 133|0x0000000088500000, 0x0000000088600000, 0x0000000088600000|100%| O|  |TAMS 0x0000000088500000, 0x0000000088500000| Untracked 
| 134|0x0000000088600000, 0x0000000088700000, 0x0000000088700000|100%| O|  |TAMS 0x0000000088700000, 0x0000000088600000| Untracked 
| 135|0x0000000088700000, 0x0000000088800000, 0x0000000088800000|100%| O|  |TAMS 0x0000000088800000, 0x0000000088700000| Untracked 
| 136|0x0000000088800000, 0x0000000088900000, 0x0000000088900000|100%| O|  |TAMS 0x0000000088900000, 0x0000000088800000| Untracked 
| 137|0x0000000088900000, 0x0000000088a00000, 0x0000000088a00000|100%| O|  |TAMS 0x0000000088a00000, 0x0000000088900000| Untracked 
| 138|0x0000000088a00000, 0x0000000088b00000, 0x0000000088b00000|100%| O|  |TAMS 0x0000000088a00000, 0x0000000088a00000| Untracked 
| 139|0x0000000088b00000, 0x0000000088c00000, 0x0000000088c00000|100%| O|  |TAMS 0x0000000088b00000, 0x0000000088b00000| Untracked 
| 140|0x0000000088c00000, 0x0000000088d00000, 0x0000000088d00000|100%| O|  |TAMS 0x0000000088c00000, 0x0000000088c00000| Untracked 
| 141|0x0000000088d00000, 0x0000000088e00000, 0x0000000088e00000|100%| O|  |TAMS 0x0000000088d00000, 0x0000000088d00000| Untracked 
| 142|0x0000000088e00000, 0x0000000088f00000, 0x0000000088f00000|100%| O|  |TAMS 0x0000000088e00000, 0x0000000088e00000| Untracked 
| 143|0x0000000088f00000, 0x0000000089000000, 0x0000000089000000|100%| O|  |TAMS 0x0000000088f00000, 0x0000000088f00000| Untracked 
| 144|0x0000000089000000, 0x0000000089100000, 0x0000000089100000|100%| O|  |TAMS 0x0000000089100000, 0x0000000089000000| Untracked 
| 145|0x0000000089100000, 0x0000000089200000, 0x0000000089200000|100%| O|  |TAMS 0x0000000089100000, 0x0000000089100000| Untracked 
| 146|0x0000000089200000, 0x0000000089300000, 0x0000000089300000|100%| O|  |TAMS 0x0000000089200000, 0x0000000089200000| Untracked 
| 147|0x0000000089300000, 0x0000000089400000, 0x0000000089400000|100%| O|  |TAMS 0x0000000089300000, 0x0000000089300000| Untracked 
| 148|0x0000000089400000, 0x0000000089500000, 0x0000000089500000|100%| O|  |TAMS 0x0000000089400000, 0x0000000089400000| Untracked 
| 149|0x0000000089500000, 0x0000000089600000, 0x0000000089600000|100%| O|  |TAMS 0x0000000089500000, 0x0000000089500000| Untracked 
| 150|0x0000000089600000, 0x0000000089700000, 0x0000000089700000|100%| O|  |TAMS 0x0000000089600000, 0x0000000089600000| Untracked 
| 151|0x0000000089700000, 0x0000000089800000, 0x0000000089800000|100%| O|  |TAMS 0x0000000089700000, 0x0000000089700000| Untracked 
| 152|0x0000000089800000, 0x0000000089900000, 0x0000000089900000|100%| O|  |TAMS 0x0000000089800000, 0x0000000089800000| Untracked 
| 153|0x0000000089900000, 0x0000000089a00000, 0x0000000089a00000|100%| O|  |TAMS 0x0000000089900000, 0x0000000089900000| Untracked 
| 154|0x0000000089a00000, 0x0000000089b00000, 0x0000000089b00000|100%| O|  |TAMS 0x0000000089a00000, 0x0000000089a00000| Untracked 
| 155|0x0000000089b00000, 0x0000000089c00000, 0x0000000089c00000|100%| O|  |TAMS 0x0000000089b00000, 0x0000000089b00000| Untracked 
| 156|0x0000000089c00000, 0x0000000089d00000, 0x0000000089d00000|100%|HS|  |TAMS 0x0000000089c00000, 0x0000000089c00000| Complete 
| 157|0x0000000089d00000, 0x0000000089e00000, 0x0000000089e00000|100%| O|  |TAMS 0x0000000089d00000, 0x0000000089d00000| Untracked 
| 158|0x0000000089e00000, 0x0000000089f00000, 0x0000000089f00000|100%| O|  |TAMS 0x0000000089e00000, 0x0000000089e00000| Untracked 
| 159|0x0000000089f00000, 0x000000008a000000, 0x000000008a000000|100%| O|  |TAMS 0x0000000089f00000, 0x0000000089f00000| Untracked 
| 160|0x000000008a000000, 0x000000008a100000, 0x000000008a100000|100%| O|  |TAMS 0x000000008a000000, 0x000000008a000000| Untracked 
| 161|0x000000008a100000, 0x000000008a200000, 0x000000008a200000|100%| O|  |TAMS 0x000000008a100000, 0x000000008a100000| Untracked 
| 162|0x000000008a200000, 0x000000008a300000, 0x000000008a300000|100%| O|  |TAMS 0x000000008a200000, 0x000000008a200000| Untracked 
| 163|0x000000008a300000, 0x000000008a400000, 0x000000008a400000|100%| O|  |TAMS 0x000000008a300000, 0x000000008a300000| Untracked 
| 164|0x000000008a400000, 0x000000008a500000, 0x000000008a500000|100%| O|  |TAMS 0x000000008a400000, 0x000000008a400000| Untracked 
| 165|0x000000008a500000, 0x000000008a600000, 0x000000008a600000|100%| O|  |TAMS 0x000000008a500000, 0x000000008a500000| Untracked 
| 166|0x000000008a600000, 0x000000008a700000, 0x000000008a700000|100%| O|  |TAMS 0x000000008a600000, 0x000000008a600000| Untracked 
| 167|0x000000008a700000, 0x000000008a800000, 0x000000008a800000|100%| O|  |TAMS 0x000000008a700000, 0x000000008a700000| Untracked 
| 168|0x000000008a800000, 0x000000008a900000, 0x000000008a900000|100%| O|  |TAMS 0x000000008a800000, 0x000000008a800000| Untracked 
| 169|0x000000008a900000, 0x000000008aa00000, 0x000000008aa00000|100%| O|  |TAMS 0x000000008a900000, 0x000000008a900000| Untracked 
| 170|0x000000008aa00000, 0x000000008ab00000, 0x000000008ab00000|100%| O|  |TAMS 0x000000008aa00000, 0x000000008aa00000| Untracked 
| 171|0x000000008ab00000, 0x000000008ac00000, 0x000000008ac00000|100%| O|  |TAMS 0x000000008ab00000, 0x000000008ab00000| Untracked 
| 172|0x000000008ac00000, 0x000000008ad00000, 0x000000008ad00000|100%| O|  |TAMS 0x000000008ac00000, 0x000000008ac00000| Untracked 
| 173|0x000000008ad00000, 0x000000008ae00000, 0x000000008ae00000|100%| O|  |TAMS 0x000000008ad00000, 0x000000008ad00000| Untracked 
| 174|0x000000008ae00000, 0x000000008af00000, 0x000000008af00000|100%| O|  |TAMS 0x000000008ae00000, 0x000000008ae00000| Untracked 
| 175|0x000000008af00000, 0x000000008b000000, 0x000000008b000000|100%| O|  |TAMS 0x000000008af00000, 0x000000008af00000| Untracked 
| 176|0x000000008b000000, 0x000000008b100000, 0x000000008b100000|100%| O|  |TAMS 0x000000008b000000, 0x000000008b000000| Untracked 
| 177|0x000000008b100000, 0x000000008b200000, 0x000000008b200000|100%| O|  |TAMS 0x000000008b100000, 0x000000008b100000| Untracked 
| 178|0x000000008b200000, 0x000000008b300000, 0x000000008b300000|100%| O|  |TAMS 0x000000008b200000, 0x000000008b200000| Untracked 
| 179|0x000000008b300000, 0x000000008b400000, 0x000000008b400000|100%| O|  |TAMS 0x000000008b300000, 0x000000008b300000| Untracked 
| 180|0x000000008b400000, 0x000000008b500000, 0x000000008b500000|100%| O|  |TAMS 0x000000008b400000, 0x000000008b400000| Untracked 
| 181|0x000000008b500000, 0x000000008b600000, 0x000000008b600000|100%| O|  |TAMS 0x000000008b500000, 0x000000008b500000| Untracked 
| 182|0x000000008b600000, 0x000000008b700000, 0x000000008b700000|100%| O|  |TAMS 0x000000008b600000, 0x000000008b600000| Untracked 
| 183|0x000000008b700000, 0x000000008b800000, 0x000000008b800000|100%| O|  |TAMS 0x000000008b700000, 0x000000008b700000| Untracked 
| 184|0x000000008b800000, 0x000000008b900000, 0x000000008b900000|100%| O|  |TAMS 0x000000008b800000, 0x000000008b800000| Untracked 
| 185|0x000000008b900000, 0x000000008ba00000, 0x000000008ba00000|100%| O|  |TAMS 0x000000008b900000, 0x000000008b900000| Untracked 
| 186|0x000000008ba00000, 0x000000008bb00000, 0x000000008bb00000|100%| O|  |TAMS 0x000000008ba00000, 0x000000008ba00000| Untracked 
| 187|0x000000008bb00000, 0x000000008bc00000, 0x000000008bc00000|100%| O|  |TAMS 0x000000008bb00000, 0x000000008bb00000| Untracked 
| 188|0x000000008bc00000, 0x000000008bd00000, 0x000000008bd00000|100%| O|  |TAMS 0x000000008bc00000, 0x000000008bc00000| Untracked 
| 189|0x000000008bd00000, 0x000000008be00000, 0x000000008be00000|100%| O|  |TAMS 0x000000008bd00000, 0x000000008bd00000| Untracked 
| 190|0x000000008be00000, 0x000000008bf00000, 0x000000008bf00000|100%| O|  |TAMS 0x000000008be00000, 0x000000008be00000| Untracked 
| 191|0x000000008bf00000, 0x000000008c000000, 0x000000008c000000|100%| O|  |TAMS 0x000000008bf00000, 0x000000008bf00000| Untracked 
| 192|0x000000008c000000, 0x000000008c100000, 0x000000008c100000|100%| O|  |TAMS 0x000000008c000000, 0x000000008c000000| Untracked 
| 193|0x000000008c100000, 0x000000008c200000, 0x000000008c200000|100%| O|  |TAMS 0x000000008c100000, 0x000000008c100000| Untracked 
| 194|0x000000008c200000, 0x000000008c300000, 0x000000008c300000|100%| O|  |TAMS 0x000000008c200000, 0x000000008c200000| Untracked 
| 195|0x000000008c300000, 0x000000008c400000, 0x000000008c400000|100%| O|  |TAMS 0x000000008c300000, 0x000000008c300000| Untracked 
| 196|0x000000008c400000, 0x000000008c500000, 0x000000008c500000|100%| O|  |TAMS 0x000000008c400000, 0x000000008c400000| Untracked 
| 197|0x000000008c500000, 0x000000008c600000, 0x000000008c600000|100%| O|  |TAMS 0x000000008c500000, 0x000000008c500000| Untracked 
| 198|0x000000008c600000, 0x000000008c700000, 0x000000008c700000|100%| O|  |TAMS 0x000000008c600000, 0x000000008c600000| Untracked 
| 199|0x000000008c700000, 0x000000008c800000, 0x000000008c800000|100%| O|  |TAMS 0x000000008c700000, 0x000000008c700000| Untracked 
| 200|0x000000008c800000, 0x000000008c900000, 0x000000008c900000|100%| O|  |TAMS 0x000000008c800000, 0x000000008c800000| Untracked 
| 201|0x000000008c900000, 0x000000008ca00000, 0x000000008ca00000|100%| O|  |TAMS 0x000000008c900000, 0x000000008c900000| Untracked 
| 202|0x000000008ca00000, 0x000000008cb00000, 0x000000008cb00000|100%| O|  |TAMS 0x000000008ca00000, 0x000000008ca00000| Untracked 
| 203|0x000000008cb00000, 0x000000008cc00000, 0x000000008cc00000|100%| O|  |TAMS 0x000000008cb00000, 0x000000008cb00000| Untracked 
| 204|0x000000008cc00000, 0x000000008cd00000, 0x000000008cd00000|100%| O|  |TAMS 0x000000008cc00000, 0x000000008cc00000| Untracked 
| 205|0x000000008cd00000, 0x000000008ce00000, 0x000000008ce00000|100%| O|  |TAMS 0x000000008cd00000, 0x000000008cd00000| Untracked 
| 206|0x000000008ce00000, 0x000000008cf00000, 0x000000008cf00000|100%| O|  |TAMS 0x000000008ce00000, 0x000000008ce00000| Untracked 
| 207|0x000000008cf00000, 0x000000008d000000, 0x000000008d000000|100%| O|  |TAMS 0x000000008cf00000, 0x000000008cf00000| Untracked 
| 208|0x000000008d000000, 0x000000008d100000, 0x000000008d100000|100%| O|  |TAMS 0x000000008d000000, 0x000000008d000000| Untracked 
| 209|0x000000008d100000, 0x000000008d200000, 0x000000008d200000|100%| O|  |TAMS 0x000000008d100000, 0x000000008d100000| Untracked 
| 210|0x000000008d200000, 0x000000008d300000, 0x000000008d300000|100%| O|  |TAMS 0x000000008d200000, 0x000000008d200000| Untracked 
| 211|0x000000008d300000, 0x000000008d400000, 0x000000008d400000|100%| O|  |TAMS 0x000000008d300000, 0x000000008d300000| Untracked 
| 212|0x000000008d400000, 0x000000008d500000, 0x000000008d500000|100%| O|  |TAMS 0x000000008d400000, 0x000000008d400000| Untracked 
| 213|0x000000008d500000, 0x000000008d600000, 0x000000008d600000|100%| O|  |TAMS 0x000000008d500000, 0x000000008d500000| Untracked 
| 214|0x000000008d600000, 0x000000008d700000, 0x000000008d700000|100%| O|  |TAMS 0x000000008d600000, 0x000000008d600000| Untracked 
| 215|0x000000008d700000, 0x000000008d800000, 0x000000008d800000|100%| O|  |TAMS 0x000000008d700000, 0x000000008d700000| Untracked 
| 216|0x000000008d800000, 0x000000008d900000, 0x000000008d900000|100%| O|  |TAMS 0x000000008d800000, 0x000000008d800000| Untracked 
| 217|0x000000008d900000, 0x000000008d900000, 0x000000008da00000|  0%| F|  |TAMS 0x000000008d900000, 0x000000008d900000| Untracked 
| 218|0x000000008da00000, 0x000000008da00000, 0x000000008db00000|  0%| F|  |TAMS 0x000000008da00000, 0x000000008da00000| Untracked 
| 219|0x000000008db00000, 0x000000008db00000, 0x000000008dc00000|  0%| F|  |TAMS 0x000000008db00000, 0x000000008db00000| Untracked 
| 220|0x000000008dc00000, 0x000000008dc00000, 0x000000008dd00000|  0%| F|  |TAMS 0x000000008dc00000, 0x000000008dc00000| Untracked 
| 221|0x000000008dd00000, 0x000000008dd00000, 0x000000008de00000|  0%| F|  |TAMS 0x000000008dd00000, 0x000000008dd00000| Untracked 
| 222|0x000000008de00000, 0x000000008de00000, 0x000000008df00000|  0%| F|  |TAMS 0x000000008de00000, 0x000000008de00000| Untracked 
| 223|0x000000008df00000, 0x000000008df00000, 0x000000008e000000|  0%| F|  |TAMS 0x000000008df00000, 0x000000008df00000| Untracked 
| 224|0x000000008e000000, 0x000000008e000000, 0x000000008e100000|  0%| F|  |TAMS 0x000000008e000000, 0x000000008e000000| Untracked 
| 225|0x000000008e100000, 0x000000008e100000, 0x000000008e200000|  0%| F|  |TAMS 0x000000008e100000, 0x000000008e100000| Untracked 
| 226|0x000000008e200000, 0x000000008e200000, 0x000000008e300000|  0%| F|  |TAMS 0x000000008e200000, 0x000000008e200000| Untracked 
| 227|0x000000008e300000, 0x000000008e300000, 0x000000008e400000|  0%| F|  |TAMS 0x000000008e300000, 0x000000008e300000| Untracked 
| 228|0x000000008e400000, 0x000000008e400000, 0x000000008e500000|  0%| F|  |TAMS 0x000000008e400000, 0x000000008e400000| Untracked 
| 229|0x000000008e500000, 0x000000008e500000, 0x000000008e600000|  0%| F|  |TAMS 0x000000008e500000, 0x000000008e500000| Untracked 
| 230|0x000000008e600000, 0x000000008e600000, 0x000000008e700000|  0%| F|  |TAMS 0x000000008e600000, 0x000000008e600000| Untracked 
| 231|0x000000008e700000, 0x000000008e700000, 0x000000008e800000|  0%| F|  |TAMS 0x000000008e700000, 0x000000008e700000| Untracked 
| 232|0x000000008e800000, 0x000000008e800000, 0x000000008e900000|  0%| F|  |TAMS 0x000000008e800000, 0x000000008e800000| Untracked 
| 233|0x000000008e900000, 0x000000008e900000, 0x000000008ea00000|  0%| F|  |TAMS 0x000000008e900000, 0x000000008e900000| Untracked 
| 234|0x000000008ea00000, 0x000000008ea00000, 0x000000008eb00000|  0%| F|  |TAMS 0x000000008ea00000, 0x000000008ea00000| Untracked 
| 235|0x000000008eb00000, 0x000000008eb00000, 0x000000008ec00000|  0%| F|  |TAMS 0x000000008eb00000, 0x000000008eb00000| Untracked 
| 236|0x000000008ec00000, 0x000000008ec00000, 0x000000008ed00000|  0%| F|  |TAMS 0x000000008ec00000, 0x000000008ec00000| Untracked 
| 237|0x000000008ed00000, 0x000000008ed00000, 0x000000008ee00000|  0%| F|  |TAMS 0x000000008ed00000, 0x000000008ed00000| Untracked 
| 238|0x000000008ee00000, 0x000000008ee00000, 0x000000008ef00000|  0%| F|  |TAMS 0x000000008ee00000, 0x000000008ee00000| Untracked 
| 239|0x000000008ef00000, 0x000000008ef00000, 0x000000008f000000|  0%| F|  |TAMS 0x000000008ef00000, 0x000000008ef00000| Untracked 
| 240|0x000000008f000000, 0x000000008f000000, 0x000000008f100000|  0%| F|  |TAMS 0x000000008f000000, 0x000000008f000000| Untracked 
| 241|0x000000008f100000, 0x000000008f100000, 0x000000008f200000|  0%| F|  |TAMS 0x000000008f100000, 0x000000008f100000| Untracked 
| 242|0x000000008f200000, 0x000000008f200000, 0x000000008f300000|  0%| F|  |TAMS 0x000000008f200000, 0x000000008f200000| Untracked 
| 243|0x000000008f300000, 0x000000008f300000, 0x000000008f400000|  0%| F|  |TAMS 0x000000008f300000, 0x000000008f300000| Untracked 
| 244|0x000000008f400000, 0x000000008f400000, 0x000000008f500000|  0%| F|  |TAMS 0x000000008f400000, 0x000000008f400000| Untracked 
| 245|0x000000008f500000, 0x000000008f500000, 0x000000008f600000|  0%| F|  |TAMS 0x000000008f500000, 0x000000008f500000| Untracked 
| 246|0x000000008f600000, 0x000000008f600000, 0x000000008f700000|  0%| F|  |TAMS 0x000000008f600000, 0x000000008f600000| Untracked 
| 247|0x000000008f700000, 0x000000008f700000, 0x000000008f800000|  0%| F|  |TAMS 0x000000008f700000, 0x000000008f700000| Untracked 
| 248|0x000000008f800000, 0x000000008f800000, 0x000000008f900000|  0%| F|  |TAMS 0x000000008f800000, 0x000000008f800000| Untracked 
| 249|0x000000008f900000, 0x000000008f900000, 0x000000008fa00000|  0%| F|  |TAMS 0x000000008f900000, 0x000000008f900000| Untracked 
| 250|0x000000008fa00000, 0x000000008fa00000, 0x000000008fb00000|  0%| F|  |TAMS 0x000000008fa00000, 0x000000008fa00000| Untracked 
| 251|0x000000008fb00000, 0x000000008fb00000, 0x000000008fc00000|  0%| F|  |TAMS 0x000000008fb00000, 0x000000008fb00000| Untracked 
| 252|0x000000008fc00000, 0x000000008fc00000, 0x000000008fd00000|  0%| F|  |TAMS 0x000000008fc00000, 0x000000008fc00000| Untracked 
| 253|0x000000008fd00000, 0x000000008fd00000, 0x000000008fe00000|  0%| F|  |TAMS 0x000000008fd00000, 0x000000008fd00000| Untracked 
| 254|0x000000008fe00000, 0x000000008fe00000, 0x000000008ff00000|  0%| F|  |TAMS 0x000000008fe00000, 0x000000008fe00000| Untracked 
| 255|0x000000008ff00000, 0x000000008ff00000, 0x0000000090000000|  0%| F|  |TAMS 0x000000008ff00000, 0x000000008ff00000| Untracked 
| 256|0x0000000090000000, 0x0000000090000000, 0x0000000090100000|  0%| F|  |TAMS 0x0000000090000000, 0x0000000090000000| Untracked 
| 257|0x0000000090100000, 0x0000000090100000, 0x0000000090200000|  0%| F|  |TAMS 0x0000000090100000, 0x0000000090100000| Untracked 
| 258|0x0000000090200000, 0x0000000090200000, 0x0000000090300000|  0%| F|  |TAMS 0x0000000090200000, 0x0000000090200000| Untracked 
| 259|0x0000000090300000, 0x0000000090300000, 0x0000000090400000|  0%| F|  |TAMS 0x0000000090300000, 0x0000000090300000| Untracked 
| 260|0x0000000090400000, 0x0000000090400000, 0x0000000090500000|  0%| F|  |TAMS 0x0000000090400000, 0x0000000090400000| Untracked 
| 261|0x0000000090500000, 0x0000000090500000, 0x0000000090600000|  0%| F|  |TAMS 0x0000000090500000, 0x0000000090500000| Untracked 
| 262|0x0000000090600000, 0x0000000090600000, 0x0000000090700000|  0%| F|  |TAMS 0x0000000090600000, 0x0000000090600000| Untracked 
| 263|0x0000000090700000, 0x00000000907b31e0, 0x0000000090800000| 69%| S|CS|TAMS 0x0000000090700000, 0x0000000090700000| Complete 
| 264|0x0000000090800000, 0x0000000090800000, 0x0000000090900000|  0%| F|  |TAMS 0x0000000090800000, 0x0000000090800000| Untracked 
| 265|0x0000000090900000, 0x0000000090900000, 0x0000000090a00000|  0%| F|  |TAMS 0x0000000090900000, 0x0000000090900000| Untracked 
| 266|0x0000000090a00000, 0x0000000090a00000, 0x0000000090b00000|  0%| F|  |TAMS 0x0000000090a00000, 0x0000000090a00000| Untracked 
| 267|0x0000000090b00000, 0x0000000090b00000, 0x0000000090c00000|  0%| F|  |TAMS 0x0000000090b00000, 0x0000000090b00000| Untracked 
| 268|0x0000000090c00000, 0x0000000090c00000, 0x0000000090d00000|  0%| F|  |TAMS 0x0000000090c00000, 0x0000000090c00000| Untracked 
| 269|0x0000000090d00000, 0x0000000090e00000, 0x0000000090e00000|100%| S|CS|TAMS 0x0000000090d00000, 0x0000000090d00000| Complete 
| 270|0x0000000090e00000, 0x0000000090f00000, 0x0000000090f00000|100%| S|CS|TAMS 0x0000000090e00000, 0x0000000090e00000| Complete 
| 271|0x0000000090f00000, 0x0000000090f00000, 0x0000000091000000|  0%| F|  |TAMS 0x0000000090f00000, 0x0000000090f00000| Untracked 
| 272|0x0000000091000000, 0x0000000091000000, 0x0000000091100000|  0%| F|  |TAMS 0x0000000091000000, 0x0000000091000000| Untracked 
| 273|0x0000000091100000, 0x0000000091200000, 0x0000000091200000|100%| S|CS|TAMS 0x0000000091100000, 0x0000000091100000| Complete 
| 274|0x0000000091200000, 0x0000000091300000, 0x0000000091300000|100%| S|CS|TAMS 0x0000000091200000, 0x0000000091200000| Complete 
| 275|0x0000000091300000, 0x0000000091400000, 0x0000000091400000|100%| S|CS|TAMS 0x0000000091300000, 0x0000000091300000| Complete 
| 276|0x0000000091400000, 0x0000000091400000, 0x0000000091500000|  0%| F|  |TAMS 0x0000000091400000, 0x0000000091400000| Untracked 
| 277|0x0000000091500000, 0x0000000091500000, 0x0000000091600000|  0%| F|  |TAMS 0x0000000091500000, 0x0000000091500000| Untracked 
| 278|0x0000000091600000, 0x0000000091600000, 0x0000000091700000|  0%| F|  |TAMS 0x0000000091600000, 0x0000000091600000| Untracked 
| 279|0x0000000091700000, 0x0000000091700000, 0x0000000091800000|  0%| F|  |TAMS 0x0000000091700000, 0x0000000091700000| Untracked 
| 280|0x0000000091800000, 0x0000000091800000, 0x0000000091900000|  0%| F|  |TAMS 0x0000000091800000, 0x0000000091800000| Untracked 
| 281|0x0000000091900000, 0x0000000091900000, 0x0000000091a00000|  0%| F|  |TAMS 0x0000000091900000, 0x0000000091900000| Untracked 
| 282|0x0000000091a00000, 0x0000000091a00000, 0x0000000091b00000|  0%| F|  |TAMS 0x0000000091a00000, 0x0000000091a00000| Untracked 
| 283|0x0000000091b00000, 0x0000000091b00000, 0x0000000091c00000|  0%| F|  |TAMS 0x0000000091b00000, 0x0000000091b00000| Untracked 
| 284|0x0000000091c00000, 0x0000000091c00000, 0x0000000091d00000|  0%| F|  |TAMS 0x0000000091c00000, 0x0000000091c00000| Untracked 
| 285|0x0000000091d00000, 0x0000000091d00000, 0x0000000091e00000|  0%| F|  |TAMS 0x0000000091d00000, 0x0000000091d00000| Untracked 
| 286|0x0000000091e00000, 0x0000000091e00000, 0x0000000091f00000|  0%| F|  |TAMS 0x0000000091e00000, 0x0000000091e00000| Untracked 
| 287|0x0000000091f00000, 0x0000000091f00000, 0x0000000092000000|  0%| F|  |TAMS 0x0000000091f00000, 0x0000000091f00000| Untracked 
| 288|0x0000000092000000, 0x0000000092000000, 0x0000000092100000|  0%| F|  |TAMS 0x0000000092000000, 0x0000000092000000| Untracked 
| 289|0x0000000092100000, 0x0000000092100000, 0x0000000092200000|  0%| F|  |TAMS 0x0000000092100000, 0x0000000092100000| Untracked 
| 290|0x0000000092200000, 0x0000000092200000, 0x0000000092300000|  0%| F|  |TAMS 0x0000000092200000, 0x0000000092200000| Untracked 
| 291|0x0000000092300000, 0x0000000092300000, 0x0000000092400000|  0%| F|  |TAMS 0x0000000092300000, 0x0000000092300000| Untracked 
| 292|0x0000000092400000, 0x0000000092400000, 0x0000000092500000|  0%| F|  |TAMS 0x0000000092400000, 0x0000000092400000| Untracked 
| 293|0x0000000092500000, 0x0000000092500000, 0x0000000092600000|  0%| F|  |TAMS 0x0000000092500000, 0x0000000092500000| Untracked 
| 294|0x0000000092600000, 0x0000000092600000, 0x0000000092700000|  0%| F|  |TAMS 0x0000000092600000, 0x0000000092600000| Untracked 
| 295|0x0000000092700000, 0x0000000092700000, 0x0000000092800000|  0%| F|  |TAMS 0x0000000092700000, 0x0000000092700000| Untracked 
| 296|0x0000000092800000, 0x0000000092800000, 0x0000000092900000|  0%| F|  |TAMS 0x0000000092800000, 0x0000000092800000| Untracked 
| 297|0x0000000092900000, 0x0000000092900000, 0x0000000092a00000|  0%| F|  |TAMS 0x0000000092900000, 0x0000000092900000| Untracked 
| 298|0x0000000092a00000, 0x0000000092a00000, 0x0000000092b00000|  0%| F|  |TAMS 0x0000000092a00000, 0x0000000092a00000| Untracked 
| 299|0x0000000092b00000, 0x0000000092b00000, 0x0000000092c00000|  0%| F|  |TAMS 0x0000000092b00000, 0x0000000092b00000| Untracked 
| 300|0x0000000092c00000, 0x0000000092c00000, 0x0000000092d00000|  0%| F|  |TAMS 0x0000000092c00000, 0x0000000092c00000| Untracked 
| 301|0x0000000092d00000, 0x0000000092d00000, 0x0000000092e00000|  0%| F|  |TAMS 0x0000000092d00000, 0x0000000092d00000| Untracked 
| 302|0x0000000092e00000, 0x0000000092e00000, 0x0000000092f00000|  0%| F|  |TAMS 0x0000000092e00000, 0x0000000092e00000| Untracked 
| 303|0x0000000092f00000, 0x0000000092f00000, 0x0000000093000000|  0%| F|  |TAMS 0x0000000092f00000, 0x0000000092f00000| Untracked 
| 304|0x0000000093000000, 0x0000000093000000, 0x0000000093100000|  0%| F|  |TAMS 0x0000000093000000, 0x0000000093000000| Untracked 
| 305|0x0000000093100000, 0x0000000093100000, 0x0000000093200000|  0%| F|  |TAMS 0x0000000093100000, 0x0000000093100000| Untracked 
| 306|0x0000000093200000, 0x0000000093200000, 0x0000000093300000|  0%| F|  |TAMS 0x0000000093200000, 0x0000000093200000| Untracked 
| 307|0x0000000093300000, 0x0000000093300000, 0x0000000093400000|  0%| F|  |TAMS 0x0000000093300000, 0x0000000093300000| Untracked 
| 308|0x0000000093400000, 0x0000000093400000, 0x0000000093500000|  0%| F|  |TAMS 0x0000000093400000, 0x0000000093400000| Untracked 
| 309|0x0000000093500000, 0x0000000093500000, 0x0000000093600000|  0%| F|  |TAMS 0x0000000093500000, 0x0000000093500000| Untracked 
| 310|0x0000000093600000, 0x0000000093600000, 0x0000000093700000|  0%| F|  |TAMS 0x0000000093600000, 0x0000000093600000| Untracked 
| 311|0x0000000093700000, 0x0000000093700000, 0x0000000093800000|  0%| F|  |TAMS 0x0000000093700000, 0x0000000093700000| Untracked 
| 312|0x0000000093800000, 0x0000000093800000, 0x0000000093900000|  0%| F|  |TAMS 0x0000000093800000, 0x0000000093800000| Untracked 
| 313|0x0000000093900000, 0x0000000093900000, 0x0000000093a00000|  0%| F|  |TAMS 0x0000000093900000, 0x0000000093900000| Untracked 
| 314|0x0000000093a00000, 0x0000000093a00000, 0x0000000093b00000|  0%| F|  |TAMS 0x0000000093a00000, 0x0000000093a00000| Untracked 
| 315|0x0000000093b00000, 0x0000000093b00000, 0x0000000093c00000|  0%| F|  |TAMS 0x0000000093b00000, 0x0000000093b00000| Untracked 
| 316|0x0000000093c00000, 0x0000000093c00000, 0x0000000093d00000|  0%| F|  |TAMS 0x0000000093c00000, 0x0000000093c00000| Untracked 
| 317|0x0000000093d00000, 0x0000000093d00000, 0x0000000093e00000|  0%| F|  |TAMS 0x0000000093d00000, 0x0000000093d00000| Untracked 
| 318|0x0000000093e00000, 0x0000000093e00000, 0x0000000093f00000|  0%| F|  |TAMS 0x0000000093e00000, 0x0000000093e00000| Untracked 
| 319|0x0000000093f00000, 0x0000000093f00000, 0x0000000094000000|  0%| F|  |TAMS 0x0000000093f00000, 0x0000000093f00000| Untracked 
| 320|0x0000000094000000, 0x0000000094000000, 0x0000000094100000|  0%| F|  |TAMS 0x0000000094000000, 0x0000000094000000| Untracked 
| 321|0x0000000094100000, 0x0000000094100000, 0x0000000094200000|  0%| F|  |TAMS 0x0000000094100000, 0x0000000094100000| Untracked 
| 322|0x0000000094200000, 0x0000000094200000, 0x0000000094300000|  0%| F|  |TAMS 0x0000000094200000, 0x0000000094200000| Untracked 
| 323|0x0000000094300000, 0x0000000094300000, 0x0000000094400000|  0%| F|  |TAMS 0x0000000094300000, 0x0000000094300000| Untracked 
| 324|0x0000000094400000, 0x0000000094400000, 0x0000000094500000|  0%| F|  |TAMS 0x0000000094400000, 0x0000000094400000| Untracked 
| 325|0x0000000094500000, 0x0000000094500000, 0x0000000094600000|  0%| F|  |TAMS 0x0000000094500000, 0x0000000094500000| Untracked 
| 326|0x0000000094600000, 0x0000000094600000, 0x0000000094700000|  0%| F|  |TAMS 0x0000000094600000, 0x0000000094600000| Untracked 
| 327|0x0000000094700000, 0x0000000094700000, 0x0000000094800000|  0%| F|  |TAMS 0x0000000094700000, 0x0000000094700000| Untracked 
| 328|0x0000000094800000, 0x0000000094800000, 0x0000000094900000|  0%| F|  |TAMS 0x0000000094800000, 0x0000000094800000| Untracked 
| 329|0x0000000094900000, 0x0000000094900000, 0x0000000094a00000|  0%| F|  |TAMS 0x0000000094900000, 0x0000000094900000| Untracked 
| 330|0x0000000094a00000, 0x0000000094a00000, 0x0000000094b00000|  0%| F|  |TAMS 0x0000000094a00000, 0x0000000094a00000| Untracked 
| 331|0x0000000094b00000, 0x0000000094b00000, 0x0000000094c00000|  0%| F|  |TAMS 0x0000000094b00000, 0x0000000094b00000| Untracked 
| 332|0x0000000094c00000, 0x0000000094c00000, 0x0000000094d00000|  0%| F|  |TAMS 0x0000000094c00000, 0x0000000094c00000| Untracked 
| 333|0x0000000094d00000, 0x0000000094d00000, 0x0000000094e00000|  0%| F|  |TAMS 0x0000000094d00000, 0x0000000094d00000| Untracked 
| 334|0x0000000094e00000, 0x0000000094e00000, 0x0000000094f00000|  0%| F|  |TAMS 0x0000000094e00000, 0x0000000094e00000| Untracked 
| 335|0x0000000094f00000, 0x0000000094f00000, 0x0000000095000000|  0%| F|  |TAMS 0x0000000094f00000, 0x0000000094f00000| Untracked 
| 336|0x0000000095000000, 0x0000000095000000, 0x0000000095100000|  0%| F|  |TAMS 0x0000000095000000, 0x0000000095000000| Untracked 
| 337|0x0000000095100000, 0x0000000095100000, 0x0000000095200000|  0%| F|  |TAMS 0x0000000095100000, 0x0000000095100000| Untracked 
| 338|0x0000000095200000, 0x0000000095200000, 0x0000000095300000|  0%| F|  |TAMS 0x0000000095200000, 0x0000000095200000| Untracked 
| 339|0x0000000095300000, 0x0000000095300000, 0x0000000095400000|  0%| F|  |TAMS 0x0000000095300000, 0x0000000095300000| Untracked 
| 340|0x0000000095400000, 0x0000000095400000, 0x0000000095500000|  0%| F|  |TAMS 0x0000000095400000, 0x0000000095400000| Untracked 
| 341|0x0000000095500000, 0x0000000095500000, 0x0000000095600000|  0%| F|  |TAMS 0x0000000095500000, 0x0000000095500000| Untracked 
| 342|0x0000000095600000, 0x0000000095600000, 0x0000000095700000|  0%| F|  |TAMS 0x0000000095600000, 0x0000000095600000| Untracked 
| 343|0x0000000095700000, 0x0000000095700000, 0x0000000095800000|  0%| F|  |TAMS 0x0000000095700000, 0x0000000095700000| Untracked 
| 344|0x0000000095800000, 0x0000000095800000, 0x0000000095900000|  0%| F|  |TAMS 0x0000000095800000, 0x0000000095800000| Untracked 
| 345|0x0000000095900000, 0x0000000095900000, 0x0000000095a00000|  0%| F|  |TAMS 0x0000000095900000, 0x0000000095900000| Untracked 
| 346|0x0000000095a00000, 0x0000000095a00000, 0x0000000095b00000|  0%| F|  |TAMS 0x0000000095a00000, 0x0000000095a00000| Untracked 

Card table byte_map: [0x0000022cb7bc0000,0x0000022cb7fc0000] _byte_map_base: 0x0000022cb77c0000

Marking Bits (Prev, Next): (CMBitMap*) 0x0000022c9f9ac920, (CMBitMap*) 0x0000022c9f9ac8e8
 Prev Bits: [0x0000022cba3c0000, 0x0000022cbc3c0000)
 Next Bits: [0x0000022cb83c0000, 0x0000022cba3c0000)

Polling page: 0x0000022c9e0c0000

Metaspace:

Usage:
  Non-class:     98.06 MB capacity,    96.33 MB ( 98%) used,     1.34 MB (  1%) free+waste,   396.25 KB ( <1%) overhead. 
      Class:     15.07 MB capacity,    13.93 MB ( 92%) used,   995.44 KB (  6%) free+waste,   170.50 KB (  1%) overhead. 
       Both:    113.14 MB capacity,   110.27 MB ( 97%) used,     2.31 MB (  2%) free+waste,   566.75 KB ( <1%) overhead. 

Virtual space:
  Non-class space:      100.00 MB reserved,      98.08 MB ( 98%) committed 
      Class space:        1.00 GB reserved,      15.25 MB (  1%) committed 
             Both:        1.10 GB reserved,     113.33 MB ( 10%) committed 

Chunk freelists:
   Non-Class:  15.00 KB
       Class:  150.00 KB
        Both:  165.00 KB

MaxMetaspaceSize: 17179869184.00 GB
CompressedClassSpaceSize: 1.00 GB
Initial GC threshold: 20.80 MB
Current GC threshold: 188.46 MB
CDS: off

CodeHeap 'non-profiled nmethods': size=120064Kb used=13459Kb max_used=13479Kb free=106604Kb
 bounds [0x0000022cafc50000, 0x0000022cb09e0000, 0x0000022cb7190000]
CodeHeap 'profiled nmethods': size=120000Kb used=39992Kb max_used=41065Kb free=80007Kb
 bounds [0x0000022ca8720000, 0x0000022cab100000, 0x0000022cafc50000]
CodeHeap 'non-nmethods': size=5696Kb used=2412Kb max_used=2492Kb free=3283Kb
 bounds [0x0000022ca8190000, 0x0000022ca8410000, 0x0000022ca8720000]
 total_blobs=17196 nmethods=16257 adapters=850
 compilation: enabled
              stopped_count=0, restarted_count=0
 full_count=0

Compilation events (20 events):
Event: 121.502 Thread 0x0000022cbf1d3000 nmethod 19381% 0x0000022cafeedb90 code [0x0000022cafeee160, 0x0000022cafef3f80]
Event: 121.505 Thread 0x0000022cbf1d3000 19412       4       com.android.tools.r8.ir.regalloc.b::a (184 bytes)
Event: 121.581 Thread 0x0000022cbf1d3000 nmethod 19412 0x0000022cb045be10 code [0x0000022cb045c080, 0x0000022cb045d2e0]
Event: 121.582 Thread 0x0000022cbf1d3000 19425       4       com.android.tools.r8.internal.Ra::a (6176 bytes)
Event: 121.603 Thread 0x0000022cbf1d4000 19426       2       com.android.tools.r8.internal.up::a (75 bytes)
Event: 121.604 Thread 0x0000022cbf1d4000 nmethod 19426 0x0000022ca9961f10 code [0x0000022ca9962120, 0x0000022ca99624f8]
Event: 121.604 Thread 0x0000022cbf1d4000 19427       2       com.android.tools.r8.internal.nW::<init> (13 bytes)
Event: 121.604 Thread 0x0000022cbf1d4000 nmethod 19427 0x0000022caa559910 code [0x0000022caa559ac0, 0x0000022caa559c18]
Event: 121.676 Thread 0x0000022cbf1d4000 19430       3       java.util.TreeMap::fixAfterDeletion (351 bytes)
Event: 121.685 Thread 0x0000022cbf1d4000 nmethod 19430 0x0000022ca8929d90 code [0x0000022ca892a360, 0x0000022ca892d698]
Event: 121.741 Thread 0x0000022cbf1d4000 19432 %     3       com.android.tools.r8.ir.regalloc.b::a @ 7 (171 bytes)
Event: 121.742 Thread 0x0000022cbf1d4000 nmethod 19432% 0x0000022ca8ce4010 code [0x0000022ca8ce42e0, 0x0000022ca8ce5248]
Event: 121.742 Thread 0x0000022cbf1d4000 19433       3       com.android.tools.r8.ir.regalloc.b::a (171 bytes)
Event: 121.744 Thread 0x0000022cbf1d4000 nmethod 19433 0x0000022ca8a77590 code [0x0000022ca8a77860, 0x0000022ca8a786a8]
Event: 121.748 Thread 0x0000022cbf1d4000 19435       2       com.android.tools.r8.internal.SG::compare (22 bytes)
Event: 121.749 Thread 0x0000022cbf1d4000 nmethod 19435 0x0000022ca8ca6f90 code [0x0000022ca8ca7160, 0x0000022ca8ca7358]
Event: 121.818 Thread 0x0000022cc7e0d800 nmethod 19391 0x0000022cb09c5510 code [0x0000022cb09c5ba0, 0x0000022cb09cc6f0]
Event: 121.819 Thread 0x0000022cc7e0d800 19434       4       com.android.tools.r8.ir.regalloc.b::c (4031 bytes)
Event: 121.843 Thread 0x0000022cbf1d4000 19440 %     2       com.android.tools.r8.ir.regalloc.b::a @ 1357 (1831 bytes)
Event: 121.858 Thread 0x0000022cbf1d4000 nmethod 19440% 0x0000022cab0f1190 code [0x0000022cab0f1da0, 0x0000022cab0f7e08]

GC Heap History (20 events):
Event: 113.006 GC heap after
{Heap after GC invocations=113 (full 0):
 garbage-first heap   total 290816K, used 166153K [0x0000000080000000, 0x0000000100000000)
  region size 1024K, 6 young (6144K), 6 survivors (6144K)
 Metaspace       used 112821K, capacity 115711K, committed 116048K, reserved 1150976K
  class space    used 14256K, capacity 15388K, committed 15616K, reserved 1048576K
}
Event: 114.879 GC heap before
{Heap before GC invocations=113 (full 0):
 garbage-first heap   total 290816K, used 249097K [0x0000000080000000, 0x0000000100000000)
  region size 1024K, 88 young (90112K), 6 survivors (6144K)
 Metaspace       used 112826K, capacity 115712K, committed 116048K, reserved 1150976K
  class space    used 14256K, capacity 15388K, committed 15616K, reserved 1048576K
}
Event: 114.905 GC heap after
{Heap after GC invocations=114 (full 0):
 garbage-first heap   total 290816K, used 167312K [0x0000000080000000, 0x0000000100000000)
  region size 1024K, 9 young (9216K), 9 survivors (9216K)
 Metaspace       used 112826K, capacity 115712K, committed 116048K, reserved 1150976K
  class space    used 14256K, capacity 15388K, committed 15616K, reserved 1048576K
}
Event: 115.902 GC heap before
{Heap before GC invocations=114 (full 0):
 garbage-first heap   total 290816K, used 247184K [0x0000000080000000, 0x0000000100000000)
  region size 1024K, 86 young (88064K), 9 survivors (9216K)
 Metaspace       used 112836K, capacity 115717K, committed 116048K, reserved 1150976K
  class space    used 14257K, capacity 15390K, committed 15616K, reserved 1048576K
}
Event: 115.949 GC heap after
{Heap after GC invocations=115 (full 0):
 garbage-first heap   total 290816K, used 176247K [0x0000000080000000, 0x0000000100000000)
  region size 1024K, 11 young (11264K), 11 survivors (11264K)
 Metaspace       used 112836K, capacity 115717K, committed 116048K, reserved 1150976K
  class space    used 14257K, capacity 15390K, committed 15616K, reserved 1048576K
}
Event: 117.672 GC heap before
{Heap before GC invocations=115 (full 0):
 garbage-first heap   total 290816K, used 242807K [0x0000000080000000, 0x0000000100000000)
  region size 1024K, 77 young (78848K), 11 survivors (11264K)
 Metaspace       used 112843K, capacity 115718K, committed 116048K, reserved 1150976K
  class space    used 14257K, capacity 15390K, committed 15616K, reserved 1048576K
}
Event: 117.775 GC heap after
{Heap after GC invocations=116 (full 0):
 garbage-first heap   total 290816K, used 183081K [0x0000000080000000, 0x0000000100000000)
  region size 1024K, 8 young (8192K), 8 survivors (8192K)
 Metaspace       used 112843K, capacity 115718K, committed 116048K, reserved 1150976K
  class space    used 14257K, capacity 15390K, committed 15616K, reserved 1048576K
}
Event: 118.858 GC heap before
{Heap before GC invocations=116 (full 0):
 garbage-first heap   total 290816K, used 243497K [0x0000000080000000, 0x0000000100000000)
  region size 1024K, 67 young (68608K), 8 survivors (8192K)
 Metaspace       used 112848K, capacity 115718K, committed 116048K, reserved 1150976K
  class space    used 14257K, capacity 15390K, committed 15616K, reserved 1048576K
}
Event: 118.914 GC heap after
{Heap after GC invocations=117 (full 0):
 garbage-first heap   total 355328K, used 189823K [0x0000000080000000, 0x0000000100000000)
  region size 1024K, 9 young (9216K), 9 survivors (9216K)
 Metaspace       used 112848K, capacity 115718K, committed 116048K, reserved 1150976K
  class space    used 14257K, capacity 15390K, committed 15616K, reserved 1048576K
}
Event: 119.626 GC heap before
{Heap before GC invocations=117 (full 0):
 garbage-first heap   total 355328K, used 269695K [0x0000000080000000, 0x0000000100000000)
  region size 1024K, 87 young (89088K), 9 survivors (9216K)
 Metaspace       used 112866K, capacity 115743K, committed 116048K, reserved 1150976K
  class space    used 14261K, capacity 15398K, committed 15616K, reserved 1048576K
}
Event: 119.669 GC heap after
{Heap after GC invocations=118 (full 0):
 garbage-first heap   total 355328K, used 199049K [0x0000000080000000, 0x0000000100000000)
  region size 1024K, 10 young (10240K), 10 survivors (10240K)
 Metaspace       used 112866K, capacity 115743K, committed 116048K, reserved 1150976K
  class space    used 14261K, capacity 15398K, committed 15616K, reserved 1048576K
}
Event: 120.068 GC heap before
{Heap before GC invocations=118 (full 0):
 garbage-first heap   total 355328K, used 276873K [0x0000000080000000, 0x0000000100000000)
  region size 1024K, 86 young (88064K), 10 survivors (10240K)
 Metaspace       used 112893K, capacity 115839K, committed 116048K, reserved 1150976K
  class space    used 14265K, capacity 15430K, committed 15616K, reserved 1048576K
}
Event: 120.093 GC heap after
{Heap after GC invocations=119 (full 0):
 garbage-first heap   total 355328K, used 206179K [0x0000000080000000, 0x0000000100000000)
  region size 1024K, 7 young (7168K), 7 survivors (7168K)
 Metaspace       used 112893K, capacity 115839K, committed 116048K, reserved 1150976K
  class space    used 14265K, capacity 15430K, committed 15616K, reserved 1048576K
}
Event: 120.757 GC heap before
{Heap before GC invocations=119 (full 0):
 garbage-first heap   total 355328K, used 282979K [0x0000000080000000, 0x0000000100000000)
  region size 1024K, 82 young (83968K), 7 survivors (7168K)
 Metaspace       used 112898K, capacity 115839K, committed 116048K, reserved 1150976K
  class space    used 14265K, capacity 15430K, committed 15616K, reserved 1048576K
}
Event: 120.791 GC heap after
{Heap after GC invocations=120 (full 0):
 garbage-first heap   total 355328K, used 211743K [0x0000000080000000, 0x0000000100000000)
  region size 1024K, 6 young (6144K), 6 survivors (6144K)
 Metaspace       used 112898K, capacity 115839K, committed 116048K, reserved 1150976K
  class space    used 14265K, capacity 15430K, committed 15616K, reserved 1048576K
}
Event: 121.170 GC heap before
{Heap before GC invocations=120 (full 0):
 garbage-first heap   total 355328K, used 288543K [0x0000000080000000, 0x0000000100000000)
  region size 1024K, 81 young (82944K), 6 survivors (6144K)
 Metaspace       used 112911K, capacity 115850K, committed 116048K, reserved 1150976K
  class space    used 14268K, capacity 15434K, committed 15616K, reserved 1048576K
}
Event: 121.191 GC heap after
{Heap after GC invocations=121 (full 0):
 garbage-first heap   total 355328K, used 217519K [0x0000000080000000, 0x0000000100000000)
  region size 1024K, 11 young (11264K), 11 survivors (11264K)
 Metaspace       used 112911K, capacity 115850K, committed 116048K, reserved 1150976K
  class space    used 14268K, capacity 15434K, committed 15616K, reserved 1048576K
}
Event: 121.537 GC heap before
{Heap before GC invocations=121 (full 0):
 garbage-first heap   total 355328K, used 293295K [0x0000000080000000, 0x0000000100000000)
  region size 1024K, 85 young (87040K), 11 survivors (11264K)
 Metaspace       used 112913K, capacity 115851K, committed 116048K, reserved 1150976K
  class space    used 14268K, capacity 15434K, committed 15616K, reserved 1048576K
}
Event: 121.579 GC heap after
{Heap after GC invocations=122 (full 0):
 garbage-first heap   total 355328K, used 223987K [0x0000000080000000, 0x0000000100000000)
  region size 1024K, 7 young (7168K), 7 survivors (7168K)
 Metaspace       used 112913K, capacity 115851K, committed 116048K, reserved 1150976K
  class space    used 14268K, capacity 15434K, committed 15616K, reserved 1048576K
}
Event: 121.923 GC heap before
{Heap before GC invocations=122 (full 0):
 garbage-first heap   total 355328K, used 295667K [0x0000000080000000, 0x0000000100000000)
  region size 1024K, 78 young (79872K), 7 survivors (7168K)
 Metaspace       used 112913K, capacity 115851K, committed 116048K, reserved 1150976K
  class space    used 14268K, capacity 15434K, committed 15616K, reserved 1048576K
}

Deoptimization events (20 events):
Event: 121.782 Thread 0x0000022cc16fe800 DEOPT PACKING pc=0x0000022cab0ac3b4 sp=0x00000068ddff68e0
Event: 121.782 Thread 0x0000022cc16fe800 DEOPT UNPACKING pc=0x0000022ca81da95e sp=0x00000068ddff6060 mode 0
Event: 121.788 Thread 0x0000022cc16f5000 DEOPT PACKING pc=0x0000022caafbb08a sp=0x00000068dcff9520
Event: 121.788 Thread 0x0000022cc16f5000 DEOPT UNPACKING pc=0x0000022ca81da95e sp=0x00000068dcff8eb0 mode 0
Event: 121.811 Thread 0x0000022cc16fe800 DEOPT PACKING pc=0x0000022cab0ae6e4 sp=0x00000068ddff68e0
Event: 121.812 Thread 0x0000022cc16fe800 DEOPT UNPACKING pc=0x0000022ca81da95e sp=0x00000068ddff6058 mode 0
Event: 121.819 Thread 0x0000022cc16fe800 DEOPT PACKING pc=0x0000022cab0ae6e4 sp=0x00000068ddff6910
Event: 121.819 Thread 0x0000022cc16fe800 DEOPT UNPACKING pc=0x0000022ca81da95e sp=0x00000068ddff6088 mode 0
Event: 121.820 Thread 0x0000022cc16f5000 DEOPT PACKING pc=0x0000022caa76d297 sp=0x00000068dcff9850
Event: 121.820 Thread 0x0000022cc16f5000 DEOPT UNPACKING pc=0x0000022ca81da95e sp=0x00000068dcff8dd8 mode 0
Event: 121.840 Thread 0x0000022cc0052800 DEOPT PACKING pc=0x0000022caaf9d8a5 sp=0x00000068dc3f9810
Event: 121.840 Thread 0x0000022cc0052800 DEOPT UNPACKING pc=0x0000022ca81da95e sp=0x00000068dc3f8fd8 mode 0
Event: 121.842 Thread 0x0000022cc0052800 DEOPT PACKING pc=0x0000022caaffa159 sp=0x00000068dc3f96f0
Event: 121.842 Thread 0x0000022cc0052800 DEOPT UNPACKING pc=0x0000022ca81da95e sp=0x00000068dc3f8fd8 mode 0
Event: 121.848 Thread 0x0000022cc0052800 Uncommon trap: trap_request=0xffffff4d fr.pc=0x0000022cb0640cec relative=0x0000000000006eac
Event: 121.848 Thread 0x0000022cc0052800 Uncommon trap: reason=unstable_if action=reinterpret pc=0x0000022cb0640cec method=com.android.tools.r8.ir.regalloc.b.a(Lcom/android/tools/r8/internal/Tn;Lcom/android/tools/r8/internal/No;Ljava/util/ArrayList;Lcom/android/tools/r8/internal/fT;Ljava/util/Id
Event: 121.848 Thread 0x0000022cc0052800 DEOPT PACKING pc=0x0000022cb0640cec sp=0x00000068dc3f9aa0
Event: 121.848 Thread 0x0000022cc0052800 DEOPT UNPACKING pc=0x0000022ca81da1af sp=0x00000068dc3f9ad8 mode 2
Event: 121.921 Thread 0x0000022cc16f5000 DEOPT PACKING pc=0x0000022caafbb08a sp=0x00000068dcff9520
Event: 121.921 Thread 0x0000022cc16f5000 DEOPT UNPACKING pc=0x0000022ca81da95e sp=0x00000068dcff8eb0 mode 0

Classes redefined (0 events):
No events

Internal exceptions (20 events):
Event: 103.356 Thread 0x0000022cc3070000 Exception <a 'sun/nio/fs/WindowsException'{0x0000000090e6a620}> (0x0000000090e6a620) thrown at [./src/hotspot/share/prims/jni.cpp, line 617]
Event: 103.772 Thread 0x0000022cc3070000 Exception <a 'sun/nio/fs/WindowsException'{0x00000000904b30e8}> (0x00000000904b30e8) thrown at [./src/hotspot/share/prims/jni.cpp, line 617]
Event: 104.559 Thread 0x0000022cc3070000 Exception <a 'sun/nio/fs/WindowsException'{0x000000008e05c238}> (0x000000008e05c238) thrown at [./src/hotspot/share/prims/jni.cpp, line 617]
Event: 104.833 Thread 0x0000022cc3070000 Exception <a 'sun/nio/fs/WindowsException'{0x000000008d7704f0}> (0x000000008d7704f0) thrown at [./src/hotspot/share/prims/jni.cpp, line 617]
Event: 105.414 Thread 0x0000022cc3070000 Exception <a 'sun/nio/fs/WindowsException'{0x0000000091773200}> (0x0000000091773200) thrown at [./src/hotspot/share/prims/jni.cpp, line 617]
Event: 105.840 Thread 0x0000022cc3070000 Exception <a 'sun/nio/fs/WindowsException'{0x0000000090e5f6b0}> (0x0000000090e5f6b0) thrown at [./src/hotspot/share/prims/jni.cpp, line 617]
Event: 107.302 Thread 0x0000022cc3070000 Exception <a 'sun/nio/fs/WindowsException'{0x000000008e4f4888}> (0x000000008e4f4888) thrown at [./src/hotspot/share/prims/jni.cpp, line 617]
Event: 107.646 Thread 0x0000022cc3070000 Exception <a 'sun/nio/fs/WindowsException'{0x000000008d70ae90}> (0x000000008d70ae90) thrown at [./src/hotspot/share/prims/jni.cpp, line 617]
Event: 107.674 Thread 0x0000022cc3070000 Exception <a 'sun/nio/fs/WindowsException'{0x000000008d471400}> (0x000000008d471400) thrown at [./src/hotspot/share/prims/jni.cpp, line 617]
Event: 108.339 Thread 0x0000022cc3070000 Exception <a 'sun/nio/fs/WindowsException'{0x00000000916895b8}> (0x00000000916895b8) thrown at [./src/hotspot/share/prims/jni.cpp, line 617]
Event: 113.354 Thread 0x0000022cc16fe800 Exception <a 'sun/nio/fs/WindowsException'{0x0000000091096ba0}> (0x0000000091096ba0) thrown at [./src/hotspot/share/prims/jni.cpp, line 617]
Event: 114.769 Thread 0x0000022cc16f5000 Exception <a 'sun/nio/fs/WindowsException'{0x000000008dc5b140}> (0x000000008dc5b140) thrown at [./src/hotspot/share/prims/jni.cpp, line 617]
Event: 114.842 Thread 0x0000022cc16fe800 Exception <a 'sun/nio/fs/WindowsException'{0x000000008cf90360}> (0x000000008cf90360) thrown at [./src/hotspot/share/prims/jni.cpp, line 617]
Event: 114.935 Thread 0x0000022cc16fe800 Exception <a 'sun/nio/fs/WindowsException'{0x000000009150bd98}> (0x000000009150bd98) thrown at [./src/hotspot/share/prims/jni.cpp, line 617]
Event: 114.960 Thread 0x0000022cc0052800 Exception <a 'sun/nio/fs/WindowsException'{0x00000000912d3390}> (0x00000000912d3390) thrown at [./src/hotspot/share/prims/jni.cpp, line 617]
Event: 115.088 Thread 0x0000022cc0052800 Exception <a 'sun/nio/fs/WindowsException'{0x000000008fd0f988}> (0x000000008fd0f988) thrown at [./src/hotspot/share/prims/jni.cpp, line 617]
Event: 115.849 Thread 0x0000022cc0052800 Exception <a 'sun/nio/fs/WindowsException'{0x000000008d3d1538}> (0x000000008d3d1538) thrown at [./src/hotspot/share/prims/jni.cpp, line 617]
Event: 115.878 Thread 0x0000022cc0052800 Exception <a 'sun/nio/fs/WindowsException'{0x000000008d1fdd18}> (0x000000008d1fdd18) thrown at [./src/hotspot/share/prims/jni.cpp, line 617]
Event: 116.910 Thread 0x0000022cc0052800 Exception <a 'sun/nio/fs/WindowsException'{0x000000008ea22d80}> (0x000000008ea22d80) thrown at [./src/hotspot/share/prims/jni.cpp, line 617]
Event: 118.499 Thread 0x0000022cc16fe800 Exception <a 'sun/nio/fs/WindowsException'{0x000000009065b950}> (0x000000009065b950) thrown at [./src/hotspot/share/prims/jni.cpp, line 617]

Events (20 events):
Event: 120.093 Executing VM operation: G1CollectForAllocation done
Event: 120.749 Executing VM operation: G1CollectForAllocation
Event: 120.791 Executing VM operation: G1CollectForAllocation done
Event: 120.931 loading class com/android/tools/r8/internal/yY
Event: 120.931 loading class com/android/tools/r8/internal/yY done
Event: 120.931 loading class com/android/tools/r8/internal/yY
Event: 120.931 loading class com/android/tools/r8/internal/yY done
Event: 120.931 loading class com/android/tools/r8/internal/xY
Event: 120.931 loading class com/android/tools/r8/internal/xY done
Event: 120.932 loading class com/android/tools/r8/code/I0
Event: 120.932 loading class com/android/tools/r8/code/I0 done
Event: 120.932 loading class com/android/tools/r8/code/I0
Event: 120.932 loading class com/android/tools/r8/code/I0 done
Event: 120.932 loading class com/android/tools/r8/code/I0
Event: 120.932 loading class com/android/tools/r8/code/I0 done
Event: 121.165 Executing VM operation: G1CollectForAllocation
Event: 121.191 Executing VM operation: G1CollectForAllocation done
Event: 121.532 Executing VM operation: G1CollectForAllocation
Event: 121.579 Executing VM operation: G1CollectForAllocation done
Event: 121.922 Executing VM operation: G1CollectForAllocation


Dynamic libraries:
0x00007ff697850000 - 0x00007ff69785d000 	C:\Program Files\Zulu\zulu-11\bin\java.exe
0x00007ffe448b0000 - 0x00007ffe44aa8000 	C:\WINDOWS\SYSTEM32\ntdll.dll
0x00007ffe42a20000 - 0x00007ffe42adf000 	C:\WINDOWS\System32\KERNEL32.DLL
0x00007ffe41f90000 - 0x00007ffe42286000 	C:\WINDOWS\System32\KERNELBASE.dll
0x00007ffe424e0000 - 0x00007ffe425e0000 	C:\WINDOWS\System32\ucrtbase.dll
0x00007ffe3c1a0000 - 0x00007ffe3c1b5000 	C:\Program Files\Zulu\zulu-11\bin\VCRUNTIME140.dll
0x00007ffe3aa80000 - 0x00007ffe3aa97000 	C:\Program Files\Zulu\zulu-11\bin\jli.dll
0x00007ffe31f50000 - 0x00007ffe321ea000 	C:\WINDOWS\WinSxS\amd64_microsoft.windows.common-controls_6595b64144ccf1df_6.0.19041.1110_none_60b5254171f9507e\COMCTL32.dll
0x00007ffe42c50000 - 0x00007ffe42ded000 	C:\WINDOWS\System32\USER32.dll
0x00007ffe44150000 - 0x00007ffe441ee000 	C:\WINDOWS\System32\msvcrt.dll
0x00007ffe42370000 - 0x00007ffe42392000 	C:\WINDOWS\System32\win32u.dll
0x00007ffe42910000 - 0x00007ffe4293c000 	C:\WINDOWS\System32\GDI32.dll
0x00007ffe42740000 - 0x00007ffe42855000 	C:\WINDOWS\System32\gdi32full.dll
0x00007ffe42410000 - 0x00007ffe424ad000 	C:\WINDOWS\System32\msvcp_win.dll
0x00007ffe43ff0000 - 0x00007ffe44020000 	C:\WINDOWS\System32\IMM32.DLL
0x00007ffe17d60000 - 0x00007ffe17dfb000 	C:\Program Files\Zulu\zulu-11\bin\msvcp140.dll
0x00007ffde13b0000 - 0x00007ffde1f46000 	C:\Program Files\Zulu\zulu-11\bin\server\jvm.dll
0x00007ffe43d90000 - 0x00007ffe43e3f000 	C:\WINDOWS\System32\ADVAPI32.dll
0x00007ffe44390000 - 0x00007ffe4442c000 	C:\WINDOWS\System32\sechost.dll
0x00007ffe43020000 - 0x00007ffe43146000 	C:\WINDOWS\System32\RPCRT4.dll
0x00007ffe44860000 - 0x00007ffe44868000 	C:\WINDOWS\System32\PSAPI.DLL
0x00007ffe29ca0000 - 0x00007ffe29ca9000 	C:\WINDOWS\SYSTEM32\WSOCK32.dll
0x00007ffe44320000 - 0x00007ffe4438b000 	C:\WINDOWS\System32\WS2_32.dll
0x00007ffe375a0000 - 0x00007ffe375c7000 	C:\WINDOWS\SYSTEM32\WINMM.dll
0x00007ffe38ec0000 - 0x00007ffe38eca000 	C:\WINDOWS\SYSTEM32\VERSION.dll
0x00007ffe407e0000 - 0x00007ffe407f2000 	C:\WINDOWS\SYSTEM32\kernel.appcore.dll
0x00007ffe3a7d0000 - 0x00007ffe3a7e0000 	C:\Program Files\Zulu\zulu-11\bin\verify.dll
0x00007ffe403c0000 - 0x00007ffe405a4000 	C:\WINDOWS\SYSTEM32\DBGHELP.DLL
0x00007ffe2a020000 - 0x00007ffe2a054000 	C:\WINDOWS\SYSTEM32\dbgcore.DLL
0x00007ffe42290000 - 0x00007ffe42312000 	C:\WINDOWS\System32\bcryptPrimitives.dll
0x00007ffe22c90000 - 0x00007ffe22cb8000 	C:\Program Files\Zulu\zulu-11\bin\java.dll
0x00007ffe34dd0000 - 0x00007ffe34dda000 	C:\Program Files\Zulu\zulu-11\bin\jimage.dll
0x00007ffe1f810000 - 0x00007ffe1f828000 	C:\Program Files\Zulu\zulu-11\bin\zip.dll
0x00007ffe43640000 - 0x00007ffe43d84000 	C:\WINDOWS\System32\SHELL32.dll
0x00007ffe3fc20000 - 0x00007ffe403b3000 	C:\WINDOWS\SYSTEM32\windows.storage.dll
0x00007ffe44440000 - 0x00007ffe44794000 	C:\WINDOWS\System32\combase.dll
0x00007ffe41910000 - 0x00007ffe4193e000 	C:\WINDOWS\SYSTEM32\Wldp.dll
0x00007ffe42af0000 - 0x00007ffe42b9d000 	C:\WINDOWS\System32\SHCORE.dll
0x00007ffe447a0000 - 0x00007ffe447f5000 	C:\WINDOWS\System32\shlwapi.dll
0x00007ffe41ed0000 - 0x00007ffe41eef000 	C:\WINDOWS\SYSTEM32\profapi.dll
0x00007ffe29d20000 - 0x00007ffe29d39000 	C:\Program Files\Zulu\zulu-11\bin\net.dll
0x00007ffe37a60000 - 0x00007ffe37b6a000 	C:\WINDOWS\SYSTEM32\WINHTTP.dll
0x00007ffe41670000 - 0x00007ffe416da000 	C:\WINDOWS\system32\mswsock.dll
0x00007ffe1f1d0000 - 0x00007ffe1f1e3000 	C:\Program Files\Zulu\zulu-11\bin\nio.dll
0x00007ffe3aaa0000 - 0x00007ffe3aac7000 	C:\Users\ASUS\.gradle\native\e1d6ef7f7dcc3fd88c89a11ec53ec762bb8ba0a96d01ffa2cd45eb1d1d8dd5c5\windows-amd64\native-platform.dll
0x00007ffe0f870000 - 0x00007ffe0f9b4000 	C:\Users\ASUS\.gradle\native\0d407fdbe67a94daf76414ababcb853783967236a71b16ec16e742cd7a986fd3\windows-amd64\native-platform-file-events.dll
0x00007ffe349c0000 - 0x00007ffe349c9000 	C:\Program Files\Zulu\zulu-11\bin\management.dll
0x00007ffe337a0000 - 0x00007ffe337ab000 	C:\Program Files\Zulu\zulu-11\bin\management_ext.dll
0x00007ffe41870000 - 0x00007ffe41888000 	C:\WINDOWS\SYSTEM32\CRYPTSP.dll
0x00007ffe40f90000 - 0x00007ffe40fc4000 	C:\WINDOWS\system32\rsaenh.dll
0x00007ffe424b0000 - 0x00007ffe424d7000 	C:\WINDOWS\System32\bcrypt.dll
0x00007ffe41e50000 - 0x00007ffe41e7e000 	C:\WINDOWS\SYSTEM32\USERENV.dll
0x00007ffe41860000 - 0x00007ffe4186c000 	C:\WINDOWS\SYSTEM32\CRYPTBASE.dll
0x00007ffe41360000 - 0x00007ffe4139c000 	C:\WINDOWS\SYSTEM32\IPHLPAPI.DLL
0x00007ffe44430000 - 0x00007ffe44438000 	C:\WINDOWS\System32\NSI.dll
0x00007ffe38ed0000 - 0x00007ffe38ee7000 	C:\WINDOWS\SYSTEM32\dhcpcsvc6.DLL
0x00007ffe3a640000 - 0x00007ffe3a65d000 	C:\WINDOWS\SYSTEM32\dhcpcsvc.DLL
0x00007ffe413a0000 - 0x00007ffe4146b000 	C:\WINDOWS\SYSTEM32\DNSAPI.dll

dbghelp: loaded successfully - version: 4.0.5 - missing functions: none
symbol engine: initialized successfully - sym options: 0x614 - pdb path: .;C:\Program Files\Zulu\zulu-11\bin;C:\WINDOWS\SYSTEM32;C:\WINDOWS\WinSxS\amd64_microsoft.windows.common-controls_6595b64144ccf1df_6.0.19041.1110_none_60b5254171f9507e;C:\Program Files\Zulu\zulu-11\bin\server;C:\Users\ASUS\.gradle\native\e1d6ef7f7dcc3fd88c89a11ec53ec762bb8ba0a96d01ffa2cd45eb1d1d8dd5c5\windows-amd64;C:\Users\ASUS\.gradle\native\0d407fdbe67a94daf76414ababcb853783967236a71b16ec16e742cd7a986fd3\windows-amd64

VM Arguments:
jvm_args: --add-opens=java.base/java.util=ALL-UNNAMED --add-opens=java.base/java.lang=ALL-UNNAMED --add-opens=java.base/java.lang.invoke=ALL-UNNAMED --add-opens=java.base/java.util=ALL-UNNAMED --add-opens=java.prefs/java.util.prefs=ALL-UNNAMED --add-opens=java.prefs/java.util.prefs=ALL-UNNAMED --add-opens=java.base/java.nio.charset=ALL-UNNAMED --add-opens=java.base/java.net=ALL-UNNAMED --add-opens=java.base/java.util.concurrent.atomic=ALL-UNNAMED -Xmx2048m -Dfile.encoding=UTF-8 -Duser.country=ID -Duser.language=en -Duser.variant 
java_command: org.gradle.launcher.daemon.bootstrap.GradleDaemon 7.4
java_class_path (initial): C:\Users\ASUS\.gradle\wrapper\dists\gradle-7.4-bin\c0gwcg53nkjbqw7r0h0umtfvt\gradle-7.4\lib\gradle-launcher-7.4.jar
Launcher Type: SUN_STANDARD

[Global flags]
     intx CICompilerCount                          = 3                                         {product} {ergonomic}
     uint ConcGCThreads                            = 1                                         {product} {ergonomic}
     uint G1ConcRefinementThreads                  = 4                                         {product} {ergonomic}
   size_t G1HeapRegionSize                         = 1048576                                   {product} {ergonomic}
    uintx GCDrainStackTargetSize                   = 64                                        {product} {ergonomic}
   size_t InitialHeapSize                          = 58720256                                  {product} {ergonomic}
   size_t MarkStackSize                            = 4194304                                   {product} {ergonomic}
   size_t MaxHeapSize                              = 2147483648                                {product} {command line}
   size_t MaxNewSize                               = 1287651328                                {product} {ergonomic}
   size_t MinHeapDeltaBytes                        = 1048576                                   {product} {ergonomic}
    uintx NonNMethodCodeHeapSize                   = 5830732                                {pd product} {ergonomic}
    uintx NonProfiledCodeHeapSize                  = 122913754                              {pd product} {ergonomic}
    uintx ProfiledCodeHeapSize                     = 122913754                              {pd product} {ergonomic}
    uintx ReservedCodeCacheSize                    = 251658240                              {pd product} {ergonomic}
     bool SegmentedCodeCache                       = true                                      {product} {ergonomic}
     bool UseCompressedClassPointers               = true                                 {lp64_product} {ergonomic}
     bool UseCompressedOops                        = true                                 {lp64_product} {ergonomic}
     bool UseG1GC                                  = true                                      {product} {ergonomic}
     bool UseLargePagesIndividualAllocation        = false                                  {pd product} {ergonomic}

Logging:
Log output configuration:
 #0: stdout all=warning uptime,level,tags
 #1: stderr all=off uptime,level,tags

Environment Variables:
JAVA_HOME=C:\Program Files\Zulu\zulu-11
PATH=C:\Program Files\Zulu\zulu-11\bin\;C:\Program Files\Java\jdk-11;C:\WINDOWS\system32;C:\WINDOWS;C:\WINDOWS\System32\Wbem;C:\WINDOWS\System32\WindowsPowerShell\v1.0\;C:\WINDOWS\System32\OpenSSH\;C:\Program Files\Intel\WiFi\bin\;C:\Program Files\Common Files\Intel\WirelessCommon\;D:\xampp\php;C:\ProgramData\ComposerSetup\bin;C:\Program Files\nodejs\;C:\Program Files\Gradle\gradle-6.6\bin;C:\Users\ASUS\AppData\Local\Programs\Python\Python39\Scripts\;C:\Users\ASUS\AppData\Local\Programs\Python\Python39\;C:\Users\ASUS\AppData\Local\Microsoft\WindowsApps;C:\Users\ASUS\AppData\Roaming\Composer\vendor\bin;C:\Users\ASUS\AppData\Local\Programs\Microsoft VS Code\bin;C:\Users\ASUS\AppData\Roaming\npm
USERNAME=ASUS
OS=Windows_NT
PROCESSOR_IDENTIFIER=AMD64 Family 23 Model 24 Stepping 1, AuthenticAMD
TMP=C:\Users\ASUS\AppData\Local\Temp
TEMP=C:\Users\ASUS\AppData\Local\Temp



---------------  S Y S T E M  ---------------

OS: Windows 10 , 64 bit Build 19041 (10.0.19041.2913)
OS uptime: 0 days 22:31 hours

CPU:total 4 (initial active 4) (4 cores per cpu, 2 threads per core) family 23 model 24 stepping 1 microcode 0x0, cmov, cx8, fxsr, mmx, sse, sse2, sse3, ssse3, sse4.1, sse4.2, popcnt, avx, avx2, aes, clmul, mmxext, 3dnowpref, lzcnt, sse4a, ht, tsc, tscinvbit, tscinv, bmi1, bmi2, adx, sha, fma

Memory: 4k page, system-wide physical 3531M (149M free)
TotalPageFile size 14283M (AvailPageFile size 53M)
current process WorkingSet (physical memory assigned to process): 459M, peak: 558M
current process commit charge ("private bytes"): 773M, peak: 842M

vm_info: OpenJDK 64-Bit Server VM (11.0.18+10-LTS) for windows-amd64 JRE (Zulu11.62+17-CA) (11.0.18+10-LTS), built on Jan  4 2023 15:02:54 by "zulu_re" with MS VC++ 15.9 (VS2017)

END.
